Start testing: Apr 27 16:44 UTC
----------------------------------------------------------
1/169 Testing: t_wrapping_ints_cmp
1/169 Test: t_wrapping_ints_cmp
Command: "/home/cs144/sponge/build/tests/wrapping_integers_cmp"
Directory: /home/cs144/sponge/build
"t_wrapping_ints_cmp" start time: Apr 27 16:44 UTC
Output:
----------------------------------------------------------
<end of output>
Test time =   0.02 sec
----------------------------------------------------------
Test Passed.
"t_wrapping_ints_cmp" end time: Apr 27 16:44 UTC
"t_wrapping_ints_cmp" time elapsed: 00:00:00
----------------------------------------------------------

2/169 Testing: t_wrapping_ints_unwrap
2/169 Test: t_wrapping_ints_unwrap
Command: "/home/cs144/sponge/build/tests/wrapping_integers_unwrap"
Directory: /home/cs144/sponge/build
"t_wrapping_ints_unwrap" start time: Apr 27 16:44 UTC
Output:
----------------------------------------------------------
<end of output>
Test time =   0.00 sec
----------------------------------------------------------
Test Passed.
"t_wrapping_ints_unwrap" end time: Apr 27 16:44 UTC
"t_wrapping_ints_unwrap" time elapsed: 00:00:00
----------------------------------------------------------

3/169 Testing: t_wrapping_ints_wrap
3/169 Test: t_wrapping_ints_wrap
Command: "/home/cs144/sponge/build/tests/wrapping_integers_wrap"
Directory: /home/cs144/sponge/build
"t_wrapping_ints_wrap" start time: Apr 27 16:44 UTC
Output:
----------------------------------------------------------
<end of output>
Test time =   0.00 sec
----------------------------------------------------------
Test Passed.
"t_wrapping_ints_wrap" end time: Apr 27 16:44 UTC
"t_wrapping_ints_wrap" time elapsed: 00:00:00
----------------------------------------------------------

4/169 Testing: t_wrapping_ints_roundtrip
4/169 Test: t_wrapping_ints_roundtrip
Command: "/home/cs144/sponge/build/tests/wrapping_integers_roundtrip"
Directory: /home/cs144/sponge/build
"t_wrapping_ints_roundtrip" start time: Apr 27 16:44 UTC
Output:
----------------------------------------------------------
<end of output>
Test time =   0.10 sec
----------------------------------------------------------
Test Passed.
"t_wrapping_ints_roundtrip" end time: Apr 27 16:44 UTC
"t_wrapping_ints_roundtrip" time elapsed: 00:00:00
----------------------------------------------------------

5/169 Testing: t_recv_connect
5/169 Test: t_recv_connect
Command: "/home/cs144/sponge/build/tests/recv_connect"
Directory: /home/cs144/sponge/build
"t_recv_connect" start time: Apr 27 16:44 UTC
Output:
----------------------------------------------------------
<end of output>
Test time =   0.00 sec
----------------------------------------------------------
Test Passed.
"t_recv_connect" end time: Apr 27 16:44 UTC
"t_recv_connect" time elapsed: 00:00:00
----------------------------------------------------------

6/169 Testing: t_recv_transmit
6/169 Test: t_recv_transmit
Command: "/home/cs144/sponge/build/tests/recv_transmit"
Directory: /home/cs144/sponge/build
"t_recv_transmit" start time: Apr 27 16:44 UTC
Output:
----------------------------------------------------------
<end of output>
Test time =   0.04 sec
----------------------------------------------------------
Test Passed.
"t_recv_transmit" end time: Apr 27 16:44 UTC
"t_recv_transmit" time elapsed: 00:00:00
----------------------------------------------------------

7/169 Testing: t_recv_window
7/169 Test: t_recv_window
Command: "/home/cs144/sponge/build/tests/recv_window"
Directory: /home/cs144/sponge/build
"t_recv_window" start time: Apr 27 16:44 UTC
Output:
----------------------------------------------------------
<end of output>
Test time =   0.00 sec
----------------------------------------------------------
Test Passed.
"t_recv_window" end time: Apr 27 16:44 UTC
"t_recv_window" time elapsed: 00:00:00
----------------------------------------------------------

8/169 Testing: t_recv_reorder
8/169 Test: t_recv_reorder
Command: "/home/cs144/sponge/build/tests/recv_reorder"
Directory: /home/cs144/sponge/build
"t_recv_reorder" start time: Apr 27 16:44 UTC
Output:
----------------------------------------------------------
<end of output>
Test time =   0.02 sec
----------------------------------------------------------
Test Passed.
"t_recv_reorder" end time: Apr 27 16:44 UTC
"t_recv_reorder" time elapsed: 00:00:00
----------------------------------------------------------

9/169 Testing: t_recv_close
9/169 Test: t_recv_close
Command: "/home/cs144/sponge/build/tests/recv_close"
Directory: /home/cs144/sponge/build
"t_recv_close" start time: Apr 27 16:44 UTC
Output:
----------------------------------------------------------
<end of output>
Test time =   0.03 sec
----------------------------------------------------------
Test Passed.
"t_recv_close" end time: Apr 27 16:44 UTC
"t_recv_close" time elapsed: 00:00:00
----------------------------------------------------------

10/169 Testing: t_recv_special
10/169 Test: t_recv_special
Command: "/home/cs144/sponge/build/tests/recv_special"
Directory: /home/cs144/sponge/build
"t_recv_special" start time: Apr 27 16:44 UTC
Output:
----------------------------------------------------------
<end of output>
Test time =   0.02 sec
----------------------------------------------------------
Test Passed.
"t_recv_special" end time: Apr 27 16:44 UTC
"t_recv_special" time elapsed: 00:00:00
----------------------------------------------------------

11/169 Testing: t_send_connect
11/169 Test: t_send_connect
Command: "/home/cs144/sponge/build/tests/send_connect"
Directory: /home/cs144/sponge/build
"t_send_connect" start time: Apr 27 16:44 UTC
Output:
----------------------------------------------------------
<end of output>
Test time =   0.03 sec
----------------------------------------------------------
Test Passed.
"t_send_connect" end time: Apr 27 16:44 UTC
"t_send_connect" time elapsed: 00:00:00
----------------------------------------------------------

12/169 Testing: t_send_transmit
12/169 Test: t_send_transmit
Command: "/home/cs144/sponge/build/tests/send_transmit"
Directory: /home/cs144/sponge/build
"t_send_transmit" start time: Apr 27 16:44 UTC
Output:
----------------------------------------------------------
<end of output>
Test time =   0.04 sec
----------------------------------------------------------
Test Passed.
"t_send_transmit" end time: Apr 27 16:44 UTC
"t_send_transmit" time elapsed: 00:00:00
----------------------------------------------------------

13/169 Testing: t_send_retx
13/169 Test: t_send_retx
Command: "/home/cs144/sponge/build/tests/send_retx"
Directory: /home/cs144/sponge/build
"t_send_retx" start time: Apr 27 16:44 UTC
Output:
----------------------------------------------------------
<end of output>
Test time =   0.02 sec
----------------------------------------------------------
Test Passed.
"t_send_retx" end time: Apr 27 16:44 UTC
"t_send_retx" time elapsed: 00:00:00
----------------------------------------------------------

14/169 Testing: t_send_window
14/169 Test: t_send_window
Command: "/home/cs144/sponge/build/tests/send_window"
Directory: /home/cs144/sponge/build
"t_send_window" start time: Apr 27 16:44 UTC
Output:
----------------------------------------------------------
<end of output>
Test time =   0.08 sec
----------------------------------------------------------
Test Passed.
"t_send_window" end time: Apr 27 16:44 UTC
"t_send_window" time elapsed: 00:00:00
----------------------------------------------------------

15/169 Testing: t_send_ack
15/169 Test: t_send_ack
Command: "/home/cs144/sponge/build/tests/send_ack"
Directory: /home/cs144/sponge/build
"t_send_ack" start time: Apr 27 16:44 UTC
Output:
----------------------------------------------------------
<end of output>
Test time =   0.02 sec
----------------------------------------------------------
Test Passed.
"t_send_ack" end time: Apr 27 16:44 UTC
"t_send_ack" time elapsed: 00:00:00
----------------------------------------------------------

16/169 Testing: t_send_close
16/169 Test: t_send_close
Command: "/home/cs144/sponge/build/tests/send_close"
Directory: /home/cs144/sponge/build
"t_send_close" start time: Apr 27 16:44 UTC
Output:
----------------------------------------------------------
<end of output>
Test time =   0.03 sec
----------------------------------------------------------
Test Passed.
"t_send_close" end time: Apr 27 16:44 UTC
"t_send_close" time elapsed: 00:00:00
----------------------------------------------------------

17/169 Testing: t_send_extra
17/169 Test: t_send_extra
Command: "/home/cs144/sponge/build/tests/send_extra"
Directory: /home/cs144/sponge/build
"t_send_extra" start time: Apr 27 16:44 UTC
Output:
----------------------------------------------------------
<end of output>
Test time =   0.03 sec
----------------------------------------------------------
Test Passed.
"t_send_extra" end time: Apr 27 16:44 UTC
"t_send_extra" time elapsed: 00:00:00
----------------------------------------------------------

18/169 Testing: t_strm_reassem_single
18/169 Test: t_strm_reassem_single
Command: "/home/cs144/sponge/build/tests/fsm_stream_reassembler_single"
Directory: /home/cs144/sponge/build
"t_strm_reassem_single" start time: Apr 27 16:44 UTC
Output:
----------------------------------------------------------
<end of output>
Test time =   0.01 sec
----------------------------------------------------------
Test Passed.
"t_strm_reassem_single" end time: Apr 27 16:44 UTC
"t_strm_reassem_single" time elapsed: 00:00:00
----------------------------------------------------------

19/169 Testing: t_strm_reassem_seq
19/169 Test: t_strm_reassem_seq
Command: "/home/cs144/sponge/build/tests/fsm_stream_reassembler_seq"
Directory: /home/cs144/sponge/build
"t_strm_reassem_seq" start time: Apr 27 16:44 UTC
Output:
----------------------------------------------------------
<end of output>
Test time =   0.00 sec
----------------------------------------------------------
Test Passed.
"t_strm_reassem_seq" end time: Apr 27 16:44 UTC
"t_strm_reassem_seq" time elapsed: 00:00:00
----------------------------------------------------------

20/169 Testing: t_strm_reassem_dup
20/169 Test: t_strm_reassem_dup
Command: "/home/cs144/sponge/build/tests/fsm_stream_reassembler_dup"
Directory: /home/cs144/sponge/build
"t_strm_reassem_dup" start time: Apr 27 16:44 UTC
Output:
----------------------------------------------------------
<end of output>
Test time =   0.03 sec
----------------------------------------------------------
Test Passed.
"t_strm_reassem_dup" end time: Apr 27 16:44 UTC
"t_strm_reassem_dup" time elapsed: 00:00:00
----------------------------------------------------------

21/169 Testing: t_strm_reassem_holes
21/169 Test: t_strm_reassem_holes
Command: "/home/cs144/sponge/build/tests/fsm_stream_reassembler_holes"
Directory: /home/cs144/sponge/build
"t_strm_reassem_holes" start time: Apr 27 16:44 UTC
Output:
----------------------------------------------------------
<end of output>
Test time =   0.00 sec
----------------------------------------------------------
Test Passed.
"t_strm_reassem_holes" end time: Apr 27 16:44 UTC
"t_strm_reassem_holes" time elapsed: 00:00:00
----------------------------------------------------------

22/169 Testing: t_strm_reassem_many
22/169 Test: t_strm_reassem_many
Command: "/home/cs144/sponge/build/tests/fsm_stream_reassembler_many"
Directory: /home/cs144/sponge/build
"t_strm_reassem_many" start time: Apr 27 16:44 UTC
Output:
----------------------------------------------------------
<end of output>
Test time =   0.06 sec
----------------------------------------------------------
Test Passed.
"t_strm_reassem_many" end time: Apr 27 16:44 UTC
"t_strm_reassem_many" time elapsed: 00:00:00
----------------------------------------------------------

23/169 Testing: t_strm_reassem_overlapping
23/169 Test: t_strm_reassem_overlapping
Command: "/home/cs144/sponge/build/tests/fsm_stream_reassembler_overlapping"
Directory: /home/cs144/sponge/build
"t_strm_reassem_overlapping" start time: Apr 27 16:44 UTC
Output:
----------------------------------------------------------
<end of output>
Test time =   0.00 sec
----------------------------------------------------------
Test Passed.
"t_strm_reassem_overlapping" end time: Apr 27 16:44 UTC
"t_strm_reassem_overlapping" time elapsed: 00:00:00
----------------------------------------------------------

24/169 Testing: t_strm_reassem_win
24/169 Test: t_strm_reassem_win
Command: "/home/cs144/sponge/build/tests/fsm_stream_reassembler_win"
Directory: /home/cs144/sponge/build
"t_strm_reassem_win" start time: Apr 27 16:44 UTC
Output:
----------------------------------------------------------
<end of output>
Test time =   0.06 sec
----------------------------------------------------------
Test Passed.
"t_strm_reassem_win" end time: Apr 27 16:44 UTC
"t_strm_reassem_win" time elapsed: 00:00:00
----------------------------------------------------------

25/169 Testing: t_strm_reassem_cap
25/169 Test: t_strm_reassem_cap
Command: "/home/cs144/sponge/build/tests/fsm_stream_reassembler_cap"
Directory: /home/cs144/sponge/build
"t_strm_reassem_cap" start time: Apr 27 16:44 UTC
Output:
----------------------------------------------------------
<end of output>
Test time =   0.06 sec
----------------------------------------------------------
Test Passed.
"t_strm_reassem_cap" end time: Apr 27 16:44 UTC
"t_strm_reassem_cap" time elapsed: 00:00:00
----------------------------------------------------------

26/169 Testing: t_byte_stream_construction
26/169 Test: t_byte_stream_construction
Command: "/home/cs144/sponge/build/tests/byte_stream_construction"
Directory: /home/cs144/sponge/build
"t_byte_stream_construction" start time: Apr 27 16:44 UTC
Output:
----------------------------------------------------------
<end of output>
Test time =   0.00 sec
----------------------------------------------------------
Test Passed.
"t_byte_stream_construction" end time: Apr 27 16:44 UTC
"t_byte_stream_construction" time elapsed: 00:00:00
----------------------------------------------------------

27/169 Testing: t_byte_stream_one_write
27/169 Test: t_byte_stream_one_write
Command: "/home/cs144/sponge/build/tests/byte_stream_one_write"
Directory: /home/cs144/sponge/build
"t_byte_stream_one_write" start time: Apr 27 16:44 UTC
Output:
----------------------------------------------------------
<end of output>
Test time =   0.00 sec
----------------------------------------------------------
Test Passed.
"t_byte_stream_one_write" end time: Apr 27 16:44 UTC
"t_byte_stream_one_write" time elapsed: 00:00:00
----------------------------------------------------------

28/169 Testing: t_byte_stream_two_writes
28/169 Test: t_byte_stream_two_writes
Command: "/home/cs144/sponge/build/tests/byte_stream_two_writes"
Directory: /home/cs144/sponge/build
"t_byte_stream_two_writes" start time: Apr 27 16:44 UTC
Output:
----------------------------------------------------------
<end of output>
Test time =   0.00 sec
----------------------------------------------------------
Test Passed.
"t_byte_stream_two_writes" end time: Apr 27 16:44 UTC
"t_byte_stream_two_writes" time elapsed: 00:00:00
----------------------------------------------------------

29/169 Testing: t_byte_stream_capacity
29/169 Test: t_byte_stream_capacity
Command: "/home/cs144/sponge/build/tests/byte_stream_capacity"
Directory: /home/cs144/sponge/build
"t_byte_stream_capacity" start time: Apr 27 16:44 UTC
Output:
----------------------------------------------------------
<end of output>
Test time =   0.39 sec
----------------------------------------------------------
Test Passed.
"t_byte_stream_capacity" end time: Apr 27 16:44 UTC
"t_byte_stream_capacity" time elapsed: 00:00:00
----------------------------------------------------------

30/169 Testing: t_byte_stream_many_writes
30/169 Test: t_byte_stream_many_writes
Command: "/home/cs144/sponge/build/tests/byte_stream_many_writes"
Directory: /home/cs144/sponge/build
"t_byte_stream_many_writes" start time: Apr 27 16:44 UTC
Output:
----------------------------------------------------------
<end of output>
Test time =   0.03 sec
----------------------------------------------------------
Test Passed.
"t_byte_stream_many_writes" end time: Apr 27 16:44 UTC
"t_byte_stream_many_writes" time elapsed: 00:00:00
----------------------------------------------------------

31/169 Testing: t_webget
31/169 Test: t_webget
Command: "/home/cs144/sponge/tests/webget_t.sh"
Directory: /home/cs144/sponge/build
"t_webget" start time: Apr 27 16:44 UTC
Output:
----------------------------------------------------------
DEBUG: Connecting to 141.223.162.17:80... done.
DEBUG: Inbound stream from 141.223.162.17:80 finished cleanly.
DEBUG: Waiting for clean shutdown... DEBUG: Outbound stream to 141.223.162.17:80 finished (1 byte still in flight).
HTTP/1.1 200 OK
Server: nginx
Date: Mon, 27 Apr 2026 16:44:43 GMT
Content-Type: text/html; charset=utf-8
Content-Length: 64
Connection: close
X-Robots-Tag: noindex

184858a00fd7971f810848266ebcecee5e8b69972c5ffaed622f5ee078671aedDEBUG: Outbound stream to 141.223.162.17:80 has been fully acknowledged.
DEBUG: TCP connection finished cleanly.
done.
Function called: get_URL(tomahawk.postech.ac.kr, /hasher/xyzzy).
Warning: get_URL() has not been implemented yet.
<end of output>
Test time =   1.06 sec
----------------------------------------------------------
Test Passed.
"t_webget" end time: Apr 27 16:44 UTC
"t_webget" time elapsed: 00:00:01
----------------------------------------------------------

34/169 Testing: t_tcp_parser
34/169 Test: t_tcp_parser
Command: "/home/cs144/sponge/build/tests/tcp_parser" "/home/cs144/sponge/tests/ipv4_parser.data"
Directory: /home/cs144/sponge/build
"t_tcp_parser" start time: Apr 27 16:44 UTC
Output:
----------------------------------------------------------
<end of output>
Test time =   0.03 sec
----------------------------------------------------------
Test Passed.
"t_tcp_parser" end time: Apr 27 16:44 UTC
"t_tcp_parser" time elapsed: 00:00:00
----------------------------------------------------------

35/169 Testing: t_ipv4_parser
35/169 Test: t_ipv4_parser
Command: "/home/cs144/sponge/build/tests/ipv4_parser" "/home/cs144/sponge/tests/ipv4_parser.data"
Directory: /home/cs144/sponge/build
"t_ipv4_parser" start time: Apr 27 16:44 UTC
Output:
----------------------------------------------------------
<end of output>
Test time =   0.03 sec
----------------------------------------------------------
Test Passed.
"t_ipv4_parser" end time: Apr 27 16:44 UTC
"t_ipv4_parser" time elapsed: 00:00:00
----------------------------------------------------------

36/169 Testing: t_active_close
36/169 Test: t_active_close
Command: "/home/cs144/sponge/build/tests/fsm_active_close"
Directory: /home/cs144/sponge/build
"t_active_close" start time: Apr 27 16:44 UTC
Output:
----------------------------------------------------------
<end of output>
Test time =   0.00 sec
----------------------------------------------------------
Test Passed.
"t_active_close" end time: Apr 27 16:44 UTC
"t_active_close" time elapsed: 00:00:00
----------------------------------------------------------

37/169 Testing: t_passive_close
37/169 Test: t_passive_close
Command: "/home/cs144/sponge/build/tests/fsm_passive_close"
Directory: /home/cs144/sponge/build
"t_passive_close" start time: Apr 27 16:44 UTC
Output:
----------------------------------------------------------
<end of output>
Test time =   0.00 sec
----------------------------------------------------------
Test Passed.
"t_passive_close" end time: Apr 27 16:44 UTC
"t_passive_close" time elapsed: 00:00:00
----------------------------------------------------------

39/169 Testing: t_ack_rst
39/169 Test: t_ack_rst
Command: "/home/cs144/sponge/build/tests/fsm_ack_rst_relaxed"
Directory: /home/cs144/sponge/build
"t_ack_rst" start time: Apr 27 16:44 UTC
Output:
----------------------------------------------------------
Test 1
Test 2
Test 3
Warning: Unclean shutdown of TCPConnection
Warning: Unclean shutdown of TCPConnection
Warning: Unclean shutdown of TCPConnection
Warning: Unclean shutdown of TCPConnection
Warning: Unclean shutdown of TCPConnection
Warning: Unclean shutdown of TCPConnection
Warning: Unclean shutdown of TCPConnection
Warning: Unclean shutdown of TCPConnection
Warning: Unclean shutdown of TCPConnection
Test 4
Test 5
Warning: Unclean shutdown of TCPConnection
Warning: Unclean shutdown of TCPConnection
<end of output>
Test time =   0.01 sec
----------------------------------------------------------
Test Passed.
"t_ack_rst" end time: Apr 27 16:44 UTC
"t_ack_rst" time elapsed: 00:00:00
----------------------------------------------------------

41/169 Testing: t_ack_rst_win
41/169 Test: t_ack_rst_win
Command: "/home/cs144/sponge/build/tests/fsm_ack_rst_win_relaxed"
Directory: /home/cs144/sponge/build
"t_ack_rst_win" start time: Apr 27 16:44 UTC
Output:
----------------------------------------------------------
<end of output>
Test time =   0.01 sec
----------------------------------------------------------
Test Passed.
"t_ack_rst_win" end time: Apr 27 16:44 UTC
"t_ack_rst_win" time elapsed: 00:00:00
----------------------------------------------------------

43/169 Testing: t_connect
43/169 Test: t_connect
Command: "/home/cs144/sponge/build/tests/fsm_connect_relaxed"
Directory: /home/cs144/sponge/build
"t_connect" start time: Apr 27 16:44 UTC
Output:
----------------------------------------------------------
Warning: Unclean shutdown of TCPConnection
Warning: Unclean shutdown of TCPConnection
Warning: Unclean shutdown of TCPConnection
<end of output>
Test time =   0.03 sec
----------------------------------------------------------
Test Passed.
"t_connect" end time: Apr 27 16:44 UTC
"t_connect" time elapsed: 00:00:00
----------------------------------------------------------

45/169 Testing: t_listen
45/169 Test: t_listen
Command: "/home/cs144/sponge/build/tests/fsm_listen_relaxed"
Directory: /home/cs144/sponge/build
"t_listen" start time: Apr 27 16:44 UTC
Output:
----------------------------------------------------------
Warning: Unclean shutdown of TCPConnection
<end of output>
Test time =   0.00 sec
----------------------------------------------------------
Test Passed.
"t_listen" end time: Apr 27 16:44 UTC
"t_listen" time elapsed: 00:00:00
----------------------------------------------------------

46/169 Testing: t_winsize
46/169 Test: t_winsize
Command: "/home/cs144/sponge/build/tests/fsm_winsize"
Directory: /home/cs144/sponge/build
"t_winsize" start time: Apr 27 16:44 UTC
Output:
----------------------------------------------------------
Warning: Unclean shutdown of TCPConnection
Warning: Unclean shutdown of TCPConnection
Warning: Unclean shutdown of TCPConnection
Warning: Unclean shutdown of TCPConnection
Warning: Unclean shutdown of TCPConnection
Warning: Unclean shutdown of TCPConnection
Warning: Unclean shutdown of TCPConnection
Warning: Unclean shutdown of TCPConnection
Warning: Unclean shutdown of TCPConnection
Warning: Unclean shutdown of TCPConnection
Warning: Unclean shutdown of TCPConnection
Warning: Unclean shutdown of TCPConnection
Warning: Unclean shutdown of TCPConnection
Warning: Unclean shutdown of TCPConnection
Warning: Unclean shutdown of TCPConnection
Warning: Unclean shutdown of TCPConnection
Warning: Unclean shutdown of TCPConnection
Warning: Unclean shutdown of TCPConnection
Warning: Unclean shutdown of TCPConnection
Warning: Unclean shutdown of TCPConnection
Warning: Unclean shutdown of TCPConnection
Warning: Unclean shutdown of TCPConnection
Warning: Unclean shutdown of TCPConnection
Warning: Unclean shutdown of TCPConnection
Warning: Unclean shutdown of TCPConnection
Warning: Unclean shutdown of TCPConnection
Warning: Unclean shutdown of TCPConnection
Warning: Unclean shutdown of TCPConnection
Warning: Unclean shutdown of TCPConnection
Warning: Unclean shutdown of TCPConnection
Warning: Unclean shutdown of TCPConnection
Warning: Unclean shutdown of TCPConnection
<end of output>
Test time =   0.05 sec
----------------------------------------------------------
Test Passed.
"t_winsize" end time: Apr 27 16:44 UTC
"t_winsize" time elapsed: 00:00:00
----------------------------------------------------------

48/169 Testing: t_retx
48/169 Test: t_retx
Command: "/home/cs144/sponge/build/tests/fsm_retx_relaxed"
Directory: /home/cs144/sponge/build
"t_retx" start time: Apr 27 16:44 UTC
Output:
----------------------------------------------------------
  check_segment
  check_segment
  check_segment
  check_segment
  check_segment
  check_segment
  check_segment
  check_segment
  check_segment
<end of output>
Test time =   0.03 sec
----------------------------------------------------------
Test Passed.
"t_retx" end time: Apr 27 16:44 UTC
"t_retx" time elapsed: 00:00:00
----------------------------------------------------------

49/169 Testing: t_retx_win
49/169 Test: t_retx_win
Command: "/home/cs144/sponge/build/tests/fsm_retx_win"
Directory: /home/cs144/sponge/build
"t_retx_win" start time: Apr 27 16:44 UTC
Output:
----------------------------------------------------------
  check_segment
  check_segment
  check_segment
  check_segment
Warning: Unclean shutdown of TCPConnection
  check_segment
  check_segment
  check_segment
  check_segment
Warning: Unclean shutdown of TCPConnection
  check_segment
  check_segment
  check_segment
  check_segment
Warning: Unclean shutdown of TCPConnection
  check_segment
  check_segment
  check_segment
  check_segment
Warning: Unclean shutdown of TCPConnection
  check_segment
  check_segment
  check_segment
  check_segment
  check_segment
Warning: Unclean shutdown of TCPConnection
  check_segment
  check_segment
  check_segment
  check_segment
  check_segment
  check_segment
Warning: Unclean shutdown of TCPConnection
  check_segment
  check_segment
  check_segment
  check_segment
  check_segment
  check_segment
  check_segment
Warning: Unclean shutdown of TCPConnection
  check_segment
  check_segment
  check_segment
  check_segment
  check_segment
  check_segment
  check_segment
  check_segment
Warning: Unclean shutdown of TCPConnection
  check_segment
  check_segment
  check_segment
  check_segment
  check_segment
  check_segment
  check_segment
  check_segment
  check_segment
Warning: Unclean shutdown of TCPConnection
  check_segment
  check_segment
  check_segment
  check_segment
  check_segment
  check_segment
  check_segment
  check_segment
  check_segment
  check_segment
Warning: Unclean shutdown of TCPConnection
<end of output>
Test time =   0.03 sec
----------------------------------------------------------
Test Passed.
"t_retx_win" end time: Apr 27 16:44 UTC
"t_retx_win" time elapsed: 00:00:00
----------------------------------------------------------

50/169 Testing: t_loopback
50/169 Test: t_loopback
Command: "/home/cs144/sponge/build/tests/fsm_loopback"
Directory: /home/cs144/sponge/build
"t_loopback" start time: Apr 27 16:44 UTC
Output:
----------------------------------------------------------
Warning: Unclean shutdown of TCPConnection
Warning: Unclean shutdown of TCPConnection
Warning: Unclean shutdown of TCPConnection
Warning: Unclean shutdown of TCPConnection
Warning: Unclean shutdown of TCPConnection
Warning: Unclean shutdown of TCPConnection
Warning: Unclean shutdown of TCPConnection
Warning: Unclean shutdown of TCPConnection
Warning: Unclean shutdown of TCPConnection
Warning: Unclean shutdown of TCPConnection
Warning: Unclean shutdown of TCPConnection
Warning: Unclean shutdown of TCPConnection
Warning: Unclean shutdown of TCPConnection
Warning: Unclean shutdown of TCPConnection
Warning: Unclean shutdown of TCPConnection
Warning: Unclean shutdown of TCPConnection
Warning: Unclean shutdown of TCPConnection
Warning: Unclean shutdown of TCPConnection
Warning: Unclean shutdown of TCPConnection
Warning: Unclean shutdown of TCPConnection
Warning: Unclean shutdown of TCPConnection
Warning: Unclean shutdown of TCPConnection
Warning: Unclean shutdown of TCPConnection
Warning: Unclean shutdown of TCPConnection
Warning: Unclean shutdown of TCPConnection
Warning: Unclean shutdown of TCPConnection
Warning: Unclean shutdown of TCPConnection
Warning: Unclean shutdown of TCPConnection
Warning: Unclean shutdown of TCPConnection
Warning: Unclean shutdown of TCPConnection
Warning: Unclean shutdown of TCPConnection
Warning: Unclean shutdown of TCPConnection
Warning: Unclean shutdown of TCPConnection
Warning: Unclean shutdown of TCPConnection
Warning: Unclean shutdown of TCPConnection
Warning: Unclean shutdown of TCPConnection
Warning: Unclean shutdown of TCPConnection
Warning: Unclean shutdown of TCPConnection
Warning: Unclean shutdown of TCPConnection
Warning: Unclean shutdown of TCPConnection
Warning: Unclean shutdown of TCPConnection
Warning: Unclean shutdown of TCPConnection
Warning: Unclean shutdown of TCPConnection
Warning: Unclean shutdown of TCPConnection
Warning: Unclean shutdown of TCPConnection
Warning: Unclean shutdown of TCPConnection
Warning: Unclean shutdown of TCPConnection
Warning: Unclean shutdown of TCPConnection
Warning: Unclean shutdown of TCPConnection
Warning: Unclean shutdown of TCPConnection
Warning: Unclean shutdown of TCPConnection
Warning: Unclean shutdown of TCPConnection
Warning: Unclean shutdown of TCPConnection
Warning: Unclean shutdown of TCPConnection
Warning: Unclean shutdown of TCPConnection
Warning: Unclean shutdown of TCPConnection
Warning: Unclean shutdown of TCPConnection
Warning: Unclean shutdown of TCPConnection
Warning: Unclean shutdown of TCPConnection
Warning: Unclean shutdown of TCPConnection
Warning: Unclean shutdown of TCPConnection
Warning: Unclean shutdown of TCPConnection
Warning: Unclean shutdown of TCPConnection
Warning: Unclean shutdown of TCPConnection
<end of output>
Test time =   0.14 sec
----------------------------------------------------------
Test Passed.
"t_loopback" end time: Apr 27 16:44 UTC
"t_loopback" time elapsed: 00:00:00
----------------------------------------------------------

51/169 Testing: t_loopback_win
51/169 Test: t_loopback_win
Command: "/home/cs144/sponge/build/tests/fsm_loopback_win"
Directory: /home/cs144/sponge/build
"t_loopback_win" start time: Apr 27 16:44 UTC
Output:
----------------------------------------------------------
Warning: Unclean shutdown of TCPConnection
Warning: Unclean shutdown of TCPConnection
Warning: Unclean shutdown of TCPConnection
Warning: Unclean shutdown of TCPConnection
Warning: Unclean shutdown of TCPConnection
Warning: Unclean shutdown of TCPConnection
Warning: Unclean shutdown of TCPConnection
Warning: Unclean shutdown of TCPConnection
Warning: Unclean shutdown of TCPConnection
Warning: Unclean shutdown of TCPConnection
Warning: Unclean shutdown of TCPConnection
Warning: Unclean shutdown of TCPConnection
Warning: Unclean shutdown of TCPConnection
Warning: Unclean shutdown of TCPConnection
Warning: Unclean shutdown of TCPConnection
Warning: Unclean shutdown of TCPConnection
Warning: Unclean shutdown of TCPConnection
Warning: Unclean shutdown of TCPConnection
Warning: Unclean shutdown of TCPConnection
Warning: Unclean shutdown of TCPConnection
Warning: Unclean shutdown of TCPConnection
Warning: Unclean shutdown of TCPConnection
Warning: Unclean shutdown of TCPConnection
Warning: Unclean shutdown of TCPConnection
Warning: Unclean shutdown of TCPConnection
Warning: Unclean shutdown of TCPConnection
Warning: Unclean shutdown of TCPConnection
Warning: Unclean shutdown of TCPConnection
Warning: Unclean shutdown of TCPConnection
Warning: Unclean shutdown of TCPConnection
Warning: Unclean shutdown of TCPConnection
Warning: Unclean shutdown of TCPConnection
<end of output>
Test time =   0.08 sec
----------------------------------------------------------
Test Passed.
"t_loopback_win" end time: Apr 27 16:44 UTC
"t_loopback_win" time elapsed: 00:00:00
----------------------------------------------------------

52/169 Testing: t_reorder
52/169 Test: t_reorder
Command: "/home/cs144/sponge/build/tests/fsm_reorder"
Directory: /home/cs144/sponge/build
"t_reorder" start time: Apr 27 16:44 UTC
Output:
----------------------------------------------------------
Warning: Unclean shutdown of TCPConnection
Warning: Unclean shutdown of TCPConnection
Warning: Unclean shutdown of TCPConnection
Warning: Unclean shutdown of TCPConnection
Warning: Unclean shutdown of TCPConnection
Warning: Unclean shutdown of TCPConnection
Warning: Unclean shutdown of TCPConnection
Warning: Unclean shutdown of TCPConnection
Warning: Unclean shutdown of TCPConnection
Warning: Unclean shutdown of TCPConnection
Warning: Unclean shutdown of TCPConnection
Warning: Unclean shutdown of TCPConnection
Warning: Unclean shutdown of TCPConnection
Warning: Unclean shutdown of TCPConnection
Warning: Unclean shutdown of TCPConnection
Warning: Unclean shutdown of TCPConnection
Warning: Unclean shutdown of TCPConnection
Warning: Unclean shutdown of TCPConnection
Warning: Unclean shutdown of TCPConnection
Warning: Unclean shutdown of TCPConnection
Warning: Unclean shutdown of TCPConnection
Warning: Unclean shutdown of TCPConnection
Warning: Unclean shutdown of TCPConnection
Warning: Unclean shutdown of TCPConnection
Warning: Unclean shutdown of TCPConnection
Warning: Unclean shutdown of TCPConnection
Warning: Unclean shutdown of TCPConnection
Warning: Unclean shutdown of TCPConnection
Warning: Unclean shutdown of TCPConnection
Warning: Unclean shutdown of TCPConnection
Warning: Unclean shutdown of TCPConnection
Warning: Unclean shutdown of TCPConnection
Warning: Unclean shutdown of TCPConnection
Warning: Unclean shutdown of TCPConnection
Warning: Unclean shutdown of TCPConnection
Warning: Unclean shutdown of TCPConnection
Warning: Unclean shutdown of TCPConnection
Warning: Unclean shutdown of TCPConnection
Warning: Unclean shutdown of TCPConnection
Warning: Unclean shutdown of TCPConnection
Warning: Unclean shutdown of TCPConnection
Warning: Unclean shutdown of TCPConnection
Warning: Unclean shutdown of TCPConnection
Warning: Unclean shutdown of TCPConnection
Warning: Unclean shutdown of TCPConnection
Warning: Unclean shutdown of TCPConnection
Warning: Unclean shutdown of TCPConnection
Warning: Unclean shutdown of TCPConnection
Warning: Unclean shutdown of TCPConnection
Warning: Unclean shutdown of TCPConnection
Warning: Unclean shutdown of TCPConnection
Warning: Unclean shutdown of TCPConnection
Warning: Unclean shutdown of TCPConnection
Warning: Unclean shutdown of TCPConnection
Warning: Unclean shutdown of TCPConnection
Warning: Unclean shutdown of TCPConnection
Warning: Unclean shutdown of TCPConnection
Warning: Unclean shutdown of TCPConnection
Warning: Unclean shutdown of TCPConnection
Warning: Unclean shutdown of TCPConnection
Warning: Unclean shutdown of TCPConnection
Warning: Unclean shutdown of TCPConnection
Warning: Unclean shutdown of TCPConnection
Warning: Unclean shutdown of TCPConnection
<end of output>
Test time =   0.12 sec
----------------------------------------------------------
Test Passed.
"t_reorder" end time: Apr 27 16:44 UTC
"t_reorder" time elapsed: 00:00:00
----------------------------------------------------------

53/169 Testing: t_address_dt
53/169 Test: t_address_dt
Command: "/home/cs144/sponge/build/doctests/address_dt"
Directory: /home/cs144/sponge/build
"t_address_dt" start time: Apr 27 16:44 UTC
Output:
----------------------------------------------------------
<end of output>
Test time =   0.03 sec
----------------------------------------------------------
Test Passed.
"t_address_dt" end time: Apr 27 16:44 UTC
"t_address_dt" time elapsed: 00:00:00
----------------------------------------------------------

54/169 Testing: t_parser_dt
54/169 Test: t_parser_dt
Command: "/home/cs144/sponge/build/doctests/parser_dt"
Directory: /home/cs144/sponge/build
"t_parser_dt" start time: Apr 27 16:44 UTC
Output:
----------------------------------------------------------
<end of output>
Test time =   0.00 sec
----------------------------------------------------------
Test Passed.
"t_parser_dt" end time: Apr 27 16:44 UTC
"t_parser_dt" time elapsed: 00:00:00
----------------------------------------------------------

55/169 Testing: t_socket_dt
55/169 Test: t_socket_dt
Command: "/home/cs144/sponge/build/doctests/socket_dt"
Directory: /home/cs144/sponge/build
"t_socket_dt" start time: Apr 27 16:44 UTC
Output:
----------------------------------------------------------
<end of output>
Test time =   0.01 sec
----------------------------------------------------------
Test Passed.
"t_socket_dt" end time: Apr 27 16:44 UTC
"t_socket_dt" time elapsed: 00:00:00
----------------------------------------------------------

56/169 Testing: t_udp_client_send
56/169 Test: t_udp_client_send
Command: "/home/cs144/sponge/txrx.sh" "-ucS"
Directory: /home/cs144/sponge/build
"t_udp_client_send" start time: Apr 27 16:44 UTC
Output:
----------------------------------------------------------
DEBUG: Listening for incoming connection... DEBUG: Connecting to 169.254.144.1:11044... done.
new connection from 169.254.144.1:60685.
DEBUG: Outbound stream to 169.254.144.1:60685 finished (1 byte still in flight).
DEBUG: Outbound stream to 169.254.144.1:11044 finished (33 bytes still in flight).
DEBUG: Inbound stream from 169.254.144.1:11044 finished cleanly.
DEBUG: Waiting for clean shutdown... DEBUG: Outbound stream to 169.254.144.1:60685 has been fully acknowledged.
DEBUG: Inbound stream from 169.254.144.1:60685 finished cleanly.
DEBUG: Waiting for lingering segments (e.g. retransmissions of FIN) from peer...
DEBUG: Outbound stream to 169.254.144.1:11044 has been fully acknowledged.
DEBUG: TCP connection finished cleanly.
DEBUG: Waiting for clean shutdown... done.
DEBUG: TCP connection finished cleanly.
done.
<end of output>
Test time =   0.28 sec
----------------------------------------------------------
Test Passed.
"t_udp_client_send" end time: Apr 27 16:44 UTC
"t_udp_client_send" time elapsed: 00:00:00
----------------------------------------------------------

57/169 Testing: t_udp_server_send
57/169 Test: t_udp_server_send
Command: "/home/cs144/sponge/txrx.sh" "-usS"
Directory: /home/cs144/sponge/build
"t_udp_server_send" start time: Apr 27 16:44 UTC
Output:
----------------------------------------------------------
DEBUG: Listening for incoming connection... DEBUG: Connecting to 169.254.144.1:7279... done.
new connection from 169.254.144.1:47072.
DEBUG: Outbound stream to 169.254.144.1:7279 finished (1 byte still in flight).
DEBUG: Inbound stream from 169.254.144.1:47072 finished cleanly.
DEBUG: Outbound stream to 169.254.144.1:7279 has been fully acknowledged.
DEBUG: Waiting for clean shutdown... DEBUG: Outbound stream to 169.254.144.1:47072 finished (33 bytes still in flight).
DEBUG: Inbound stream from 169.254.144.1:7279 finished cleanly.
DEBUG: Waiting for lingering segments (e.g. retransmissions of FIN) from peer...
DEBUG: Outbound stream to 169.254.144.1:47072 has been fully acknowledged.
DEBUG: TCP connection finished cleanly.
done.
DEBUG: Waiting for clean shutdown... DEBUG: TCP connection finished cleanly.
done.
<end of output>
Test time =   0.28 sec
----------------------------------------------------------
Test Passed.
"t_udp_server_send" end time: Apr 27 16:44 UTC
"t_udp_server_send" time elapsed: 00:00:00
----------------------------------------------------------

58/169 Testing: t_udp_client_recv
58/169 Test: t_udp_client_recv
Command: "/home/cs144/sponge/txrx.sh" "-ucR"
Directory: /home/cs144/sponge/build
"t_udp_client_recv" start time: Apr 27 16:44 UTC
Output:
----------------------------------------------------------
DEBUG: Listening for incoming connection... DEBUG: Connecting to 169.254.144.1:17056... done.
new connection from 169.254.144.1:50379.
DEBUG: Outbound stream to 169.254.144.1:17056 finished (1 byte still in flight).
DEBUG: Inbound stream from 169.254.144.1:50379 finished cleanly.
DEBUG: Outbound stream to 169.254.144.1:17056 has been fully acknowledged.
DEBUG: Waiting for clean shutdown... DEBUG: Outbound stream to 169.254.144.1:50379 finished (33 bytes still in flight).
DEBUG: Inbound stream from 169.254.144.1:17056 finished cleanly.
DEBUG: Waiting for lingering segments (e.g. retransmissions of FIN) from peer...
DEBUG: Outbound stream to 169.254.144.1:50379 has been fully acknowledged.
DEBUG: TCP connection finished cleanly.
done.
DEBUG: Waiting for clean shutdown... DEBUG: TCP connection finished cleanly.
done.
<end of output>
Test time =   0.28 sec
----------------------------------------------------------
Test Passed.
"t_udp_client_recv" end time: Apr 27 16:44 UTC
"t_udp_client_recv" time elapsed: 00:00:00
----------------------------------------------------------

59/169 Testing: t_udp_server_recv
59/169 Test: t_udp_server_recv
Command: "/home/cs144/sponge/txrx.sh" "-usR"
Directory: /home/cs144/sponge/build
"t_udp_server_recv" start time: Apr 27 16:44 UTC
Output:
----------------------------------------------------------
DEBUG: Listening for incoming connection... DEBUG: Connecting to 169.254.144.1:28746... done.
new connection from 169.254.144.1:42744.
DEBUG: Outbound stream to 169.254.144.1:28746 finished (33 bytes still in flight).
DEBUG: Outbound stream to 169.254.144.1:42744 finished (1 byte still in flight).
DEBUG: Inbound stream from 169.254.144.1:42744 finished cleanly.
DEBUG: Outbound stream to 169.254.144.1:28746 has been fully acknowledged.
DEBUG: Inbound stream from 169.254.144.1:28746 finished cleanly.
DEBUG: Waiting for lingering segments (e.g. retransmissions of FIN) from peer...
DEBUG: Outbound stream to 169.254.144.1:42744 has been fully acknowledged.
DEBUG: Waiting for clean shutdown... DEBUG: Waiting for clean shutdown... DEBUG: TCP connection finished cleanly.
DEBUG: TCP connection finished cleanly.
done.
done.
<end of output>
Test time =   0.28 sec
----------------------------------------------------------
Test Passed.
"t_udp_server_recv" end time: Apr 27 16:44 UTC
"t_udp_server_recv" time elapsed: 00:00:00
----------------------------------------------------------

60/169 Testing: t_udp_client_dupl
60/169 Test: t_udp_client_dupl
Command: "/home/cs144/sponge/txrx.sh" "-ucD"
Directory: /home/cs144/sponge/build
"t_udp_client_dupl" start time: Apr 27 16:44 UTC
Output:
----------------------------------------------------------
DEBUG: Listening for incoming connection... DEBUG: Connecting to 169.254.144.1:20523... done.
new connection from 169.254.144.1:46644.
DEBUG: Outbound stream to 169.254.144.1:20523 finished (33 bytes still in flight).
DEBUG: Inbound stream from DEBUG: Waiting for clean shutdown... 169.254.144.1:46644 finished cleanly.
DEBUG: Outbound stream to 169.254.144.1:46644 finished (33 bytes still in flight).
DEBUG: Outbound stream to 169.254.144.1:20523 has been fully acknowledged.
DEBUG: Inbound stream from 169.254.144.1:20523 finished cleanly.
DEBUG: Waiting for lingering segments (e.g. retransmissions of FIN) from peer...
DEBUG: Outbound stream to 169.254.144.1:46644 has been fully acknowledged.
DEBUG: Waiting for clean shutdown... DEBUG: TCP connection finished cleanly.
DEBUG: TCP connection finished cleanly.
done.
done.
<end of output>
Test time =   0.29 sec
----------------------------------------------------------
Test Passed.
"t_udp_client_dupl" end time: Apr 27 16:44 UTC
"t_udp_client_dupl" time elapsed: 00:00:00
----------------------------------------------------------

61/169 Testing: t_udp_server_dupl
61/169 Test: t_udp_server_dupl
Command: "/home/cs144/sponge/txrx.sh" "-usD"
Directory: /home/cs144/sponge/build
"t_udp_server_dupl" start time: Apr 27 16:44 UTC
Output:
----------------------------------------------------------
DEBUG: Listening for incoming connection... DEBUG: Connecting to 169.254.144.1:10422... done.
new connection from 169.254.144.1:34440.
DEBUG: Outbound stream to 169.254.144.1:10422 finished (33 bytes still in flight).
DEBUG: Inbound stream from 169.254.144.1:34440 finished cleanly.
DEBUG: Waiting for clean shutdown... DEBUG: Outbound stream to DEBUG: Outbound stream to 169.254.144.1:10422169.254.144.1:34440 has been fully acknowledged.
 finished (33 bytes still in flight).
DEBUG: Inbound stream from 169.254.144.1:10422 finished cleanly.
DEBUG: Waiting for lingering segments (e.g. retransmissions of FIN) from peer...
DEBUG: Outbound stream to 169.254.144.1:34440 has been fully acknowledged.
DEBUG: Waiting for clean shutdown... DEBUG: TCP connection finished cleanly.
done.
DEBUG: TCP connection finished cleanly.
done.
<end of output>
Test time =   0.29 sec
----------------------------------------------------------
Test Passed.
"t_udp_server_dupl" end time: Apr 27 16:44 UTC
"t_udp_server_dupl" time elapsed: 00:00:00
----------------------------------------------------------

62/169 Testing: t_ucS_1M_32k
62/169 Test: t_ucS_1M_32k
Command: "/home/cs144/sponge/txrx.sh" "-ucSd" "1M" "-w" "32K"
Directory: /home/cs144/sponge/build
"t_ucS_1M_32k" start time: Apr 27 16:44 UTC
Output:
----------------------------------------------------------
DEBUG: Listening for incoming connection... DEBUG: Connecting to 169.254.144.1:21139... done.
new connection from 169.254.144.1:44683.
DEBUG: Outbound stream to 169.254.144.1:44683 finished (1 byte still in flight).
DEBUG: Inbound stream from 169.254.144.1:21139 finished cleanly.
DEBUG: Outbound stream to 169.254.144.1:44683 has been fully acknowledged.
DEBUG: Waiting for clean shutdown... DEBUG: Outbound stream to 169.254.144.1:21139 finished (30768 bytes still in flight).
DEBUG: Inbound stream from 169.254.144.1:44683 finished cleanly.
DEBUG: Waiting for lingering segments (e.g. retransmissions of FIN) from peer...
DEBUG: Outbound stream to 169.254.144.1:21139 has been fully acknowledged.
DEBUG: TCP connection finished cleanly.
done.
DEBUG: Waiting for clean shutdown... DEBUG: TCP connection finished cleanly.
done.
<end of output>
Test time =   0.33 sec
----------------------------------------------------------
Test Passed.
"t_ucS_1M_32k" end time: Apr 27 16:44 UTC
"t_ucS_1M_32k" time elapsed: 00:00:00
----------------------------------------------------------

63/169 Testing: t_ucS_128K_8K
63/169 Test: t_ucS_128K_8K
Command: "/home/cs144/sponge/txrx.sh" "-ucSd" "128K" "-w" "8K"
Directory: /home/cs144/sponge/build
"t_ucS_128K_8K" start time: Apr 27 16:44 UTC
Output:
----------------------------------------------------------
DEBUG: Listening for incoming connection... DEBUG: Connecting to 169.254.144.1:26106... done.
new connection from 169.254.144.1:36499.
DEBUG: Outbound stream to 169.254.144.1:36499 finished (1 byte still in flight).
DEBUG: Inbound stream from 169.254.144.1:26106 finished cleanly.
DEBUG: Outbound stream to 169.254.144.1:36499 has been fully acknowledged.
DEBUG: Waiting for clean shutdown... DEBUG: Outbound stream to 169.254.144.1:26106 finished (7192 bytes still in flight).
DEBUG: Inbound stream from 169.254.144.1:36499 finished cleanly.
DEBUG: Waiting for lingering segments (e.g. retransmissions of FIN) from peer...
DEBUG: Outbound stream to 169.254.144.1:26106 has been fully acknowledged.
DEBUG: TCP connection finished cleanly.
DEBUG: Waiting for clean shutdown... done.
DEBUG: TCP connection finished cleanly.
done.
<end of output>
Test time =   0.30 sec
----------------------------------------------------------
Test Passed.
"t_ucS_128K_8K" end time: Apr 27 16:44 UTC
"t_ucS_128K_8K" time elapsed: 00:00:00
----------------------------------------------------------

64/169 Testing: t_ucS_16_1
64/169 Test: t_ucS_16_1
Command: "/home/cs144/sponge/txrx.sh" "-ucSd" "16" "-w" "1"
Directory: /home/cs144/sponge/build
"t_ucS_16_1" start time: Apr 27 16:44 UTC
Output:
----------------------------------------------------------
DEBUG: Listening for incoming connection... DEBUG: Connecting to 169.254.144.1:11745... done.
new connection from 169.254.144.1:55991.
DEBUG: Outbound stream to 169.254.144.1:55991 finished (1 byte still in flight).
DEBUG: Outbound stream to 169.254.144.1:11745 finished (1 byte still in flight).
DEBUG: Inbound stream from 169.254.144.1:11745 finished cleanly.
DEBUG: Waiting for clean shutdown... DEBUG: Outbound stream to 169.254.144.1:55991 has been fully acknowledged.
DEBUG: Inbound stream from 169.254.144.1:55991 finished cleanly.
DEBUG: Waiting for lingering segments (e.g. retransmissions of FIN) from peer...
DEBUG: Outbound stream to 169.254.144.1:11745 has been fully acknowledged.
DEBUG: TCP connection finished cleanly.
DEBUG: Waiting for clean shutdown... done.
DEBUG: TCP connection finished cleanly.
done.
<end of output>
Test time =   0.29 sec
----------------------------------------------------------
Test Passed.
"t_ucS_16_1" end time: Apr 27 16:44 UTC
"t_ucS_16_1" time elapsed: 00:00:00
----------------------------------------------------------

65/169 Testing: t_ucS_32K_d
65/169 Test: t_ucS_32K_d
Command: "/home/cs144/sponge/txrx.sh" "-ucSd" "32K"
Directory: /home/cs144/sponge/build
"t_ucS_32K_d" start time: Apr 27 16:44 UTC
Output:
----------------------------------------------------------
DEBUG: Listening for incoming connection... DEBUG: Connecting to 169.254.144.1:27648... done.
new connection from 169.254.144.1:56021.
DEBUG: Outbound stream to 169.254.144.1:56021 finished (1 byte still in flight).
DEBUG: Outbound stream to 169.254.144.1:27648 finished (32769 bytes still in flight).
DEBUG: Inbound stream from 169.254.144.1:27648 finished cleanly.
DEBUG: Waiting for clean shutdown... DEBUG: Outbound stream to 169.254.144.1:56021 has been fully acknowledged.
DEBUG: Inbound stream from 169.254.144.1:56021 finished cleanly.
DEBUG: Waiting for lingering segments (e.g. retransmissions of FIN) from peer...
DEBUG: Outbound stream to 169.254.144.1:27648 has been fully acknowledged.
DEBUG: TCP connection finished cleanly.
done.
DEBUG: Waiting for clean shutdown... DEBUG: TCP connection finished cleanly.
done.
<end of output>
Test time =   0.29 sec
----------------------------------------------------------
Test Passed.
"t_ucS_32K_d" end time: Apr 27 16:44 UTC
"t_ucS_32K_d" time elapsed: 00:00:00
----------------------------------------------------------

66/169 Testing: t_ucR_1M_32k
66/169 Test: t_ucR_1M_32k
Command: "/home/cs144/sponge/txrx.sh" "-ucRd" "1M" "-w" "32K"
Directory: /home/cs144/sponge/build
"t_ucR_1M_32k" start time: Apr 27 16:44 UTC
Output:
----------------------------------------------------------
DEBUG: Listening for incoming connection... DEBUG: Connecting to 169.254.144.1:30306... done.
new connection from 169.254.144.1:57036.
DEBUG: Outbound stream to 169.254.144.1:30306 finished (1 byte still in flight).
DEBUG: Inbound stream from 169.254.144.1:57036 finished cleanly.
DEBUG: Outbound stream to 169.254.144.1:30306 has been fully acknowledged.
DEBUG: Waiting for clean shutdown... DEBUG: Outbound stream to 169.254.144.1:57036 finished (31768 bytes still in flight).
DEBUG: Inbound stream from 169.254.144.1:30306 finished cleanly.
DEBUG: Waiting for clean shutdown... DEBUG: Waiting for lingering segments (e.g. retransmissions of FIN) from peer...
DEBUG: Outbound stream to 169.254.144.1:57036 has been fully acknowledged.
DEBUG: TCP connection finished cleanly.
done.
DEBUG: TCP connection finished cleanly.
done.
<end of output>
Test time =   0.34 sec
----------------------------------------------------------
Test Passed.
"t_ucR_1M_32k" end time: Apr 27 16:44 UTC
"t_ucR_1M_32k" time elapsed: 00:00:00
----------------------------------------------------------

67/169 Testing: t_ucR_128K_8K
67/169 Test: t_ucR_128K_8K
Command: "/home/cs144/sponge/txrx.sh" "-ucRd" "128K" "-w" "8K"
Directory: /home/cs144/sponge/build
"t_ucR_128K_8K" start time: Apr 27 16:44 UTC
Output:
----------------------------------------------------------
DEBUG: Listening for incoming connection... DEBUG: Connecting to 169.254.144.1:24545... done.
new connection from 169.254.144.1:48154.
DEBUG: Outbound stream to 169.254.144.1:24545 finished (1 byte still in flight).
DEBUG: Inbound stream from 169.254.144.1:48154 finished cleanly.
DEBUG: Outbound stream to 169.254.144.1:24545 has been fully acknowledged.
DEBUG: Waiting for clean shutdown... DEBUG: Outbound stream to 169.254.144.1:48154 finished (8000 bytes still in flight).
DEBUG: Inbound stream from 169.254.144.1:24545 finished cleanly.
DEBUG: Waiting for lingering segments (e.g. retransmissions of FIN) from peer...
DEBUG: Waiting for clean shutdown... DEBUG: Outbound stream to 169.254.144.1:48154 has been fully acknowledged.
DEBUG: TCP connection finished cleanly.
done.
DEBUG: TCP connection finished cleanly.
done.
<end of output>
Test time =   0.29 sec
----------------------------------------------------------
Test Passed.
"t_ucR_128K_8K" end time: Apr 27 16:44 UTC
"t_ucR_128K_8K" time elapsed: 00:00:00
----------------------------------------------------------

68/169 Testing: t_ucR_16_1
68/169 Test: t_ucR_16_1
Command: "/home/cs144/sponge/txrx.sh" "-ucRd" "16" "-w" "1"
Directory: /home/cs144/sponge/build
"t_ucR_16_1" start time: Apr 27 16:44 UTC
Output:
----------------------------------------------------------
DEBUG: Listening for incoming connection... DEBUG: Connecting to 169.254.144.1:9542... done.
new connection from 169.254.144.1:56998.
DEBUG: Outbound stream to 169.254.144.1:9542 finished (1 byte still in flight).
DEBUG: Inbound stream from 169.254.144.1:56998 finished cleanly.
DEBUG: Outbound stream to 169.254.144.1:9542 has been fully acknowledged.
DEBUG: Waiting for clean shutdown... DEBUG: Outbound stream to 169.254.144.1:56998 finished (1 byte still in flight).
DEBUG: Inbound stream from 169.254.144.1:9542 finished cleanly.
DEBUG: Waiting for lingering segments (e.g. retransmissions of FIN) from peer...
DEBUG: Outbound stream to 169.254.144.1:56998DEBUG: Waiting for clean shutdown...  has been fully acknowledged.
DEBUG: TCP connection finished cleanly.
done.
DEBUG: TCP connection finished cleanly.
done.
<end of output>
Test time =   0.29 sec
----------------------------------------------------------
Test Passed.
"t_ucR_16_1" end time: Apr 27 16:44 UTC
"t_ucR_16_1" time elapsed: 00:00:00
----------------------------------------------------------

69/169 Testing: t_ucR_32K_d
69/169 Test: t_ucR_32K_d
Command: "/home/cs144/sponge/txrx.sh" "-ucRd" "32K"
Directory: /home/cs144/sponge/build
"t_ucR_32K_d" start time: Apr 27 16:44 UTC
Output:
----------------------------------------------------------
DEBUG: Listening for incoming connection... DEBUG: Connecting to 169.254.144.1:18793... done.
new connection from 169.254.144.1:34692.
DEBUG: Outbound stream to 169.254.144.1:18793 finished (1 byte still in flight).
DEBUG: Inbound stream from 169.254.144.1:34692 finished cleanly.
DEBUG: Outbound stream to 169.254.144.1:18793 has been fully acknowledged.
DEBUG: Waiting for clean shutdown... DEBUG: Outbound stream to 169.254.144.1:34692 finished (32769 bytes still in flight).
DEBUG: Inbound stream from 169.254.144.1:18793 finished cleanly.
DEBUG: Waiting for clean shutdown... DEBUG: Waiting for lingering segments (e.g. retransmissions of FIN) from peer...
DEBUG: Outbound stream to 169.254.144.1:34692 has been fully acknowledged.
DEBUG: TCP connection finished cleanly.
done.
DEBUG: TCP connection finished cleanly.
done.
<end of output>
Test time =   0.29 sec
----------------------------------------------------------
Test Passed.
"t_ucR_32K_d" end time: Apr 27 16:44 UTC
"t_ucR_32K_d" time elapsed: 00:00:00
----------------------------------------------------------

70/169 Testing: t_ucD_1M_32k
70/169 Test: t_ucD_1M_32k
Command: "/home/cs144/sponge/txrx.sh" "-ucDd" "1M" "-w" "32K"
Directory: /home/cs144/sponge/build
"t_ucD_1M_32k" start time: Apr 27 16:44 UTC
Output:
----------------------------------------------------------
DEBUG: Listening for incoming connection... DEBUG: Connecting to 169.254.144.1:3264... done.
new connection from 169.254.144.1:43367.
DEBUG: Outbound stream to 169.254.144.1:3264 finished (31768 bytes still in flight).
DEBUG: Outbound stream to 169.254.144.1:43367 finished (31768 bytes still in flight).
DEBUG: Inbound stream from 169.254.144.1:43367 finished cleanly.
DEBUG: Inbound stream from 169.254.144.1:3264 finished cleanly.
DEBUG: Outbound stream to DEBUG: Outbound stream to 169.254.144.1:3264 has been fully acknowledged.
DEBUG: Waiting for clean shutdown... 169.254.144.1:43367 has been fully acknowledged.
DEBUG: Waiting for clean shutdown... DEBUG: TCP connection finished DEBUG: TCP connection finished cleanly.
cleanly.
done.
done.
<end of output>
Test time =   0.36 sec
----------------------------------------------------------
Test Passed.
"t_ucD_1M_32k" end time: Apr 27 16:44 UTC
"t_ucD_1M_32k" time elapsed: 00:00:00
----------------------------------------------------------

71/169 Testing: t_ucD_128K_8K
71/169 Test: t_ucD_128K_8K
Command: "/home/cs144/sponge/txrx.sh" "-ucDd" "128K" "-w" "8K"
Directory: /home/cs144/sponge/build
"t_ucD_128K_8K" start time: Apr 27 16:44 UTC
Output:
----------------------------------------------------------
DEBUG: Listening for incoming connection... DEBUG: Connecting to 169.254.144.1:23966... done.
new connection from 169.254.144.1:50118.
DEBUG: Outbound stream to 169.254.144.1:23966 finished (7192 bytes still in flight).
DEBUG: Outbound stream to 169.254.144.1:50118 finished (7192 bytes still in flight).
DEBUG: Inbound stream from DEBUG: Inbound stream from DEBUG: Waiting for clean shutdown... 169.254.144.1:23966 finished cleanly.
DEBUG: Waiting for clean shutdown... 169.254.144.1:50118 finished cleanly.
DEBUG: Outbound stream to DEBUG: Outbound stream to 169.254.144.1:50118169.254.144.1:23966 has been fully acknowledged.
 has been fully acknowledged.
DEBUG: TCP connection finished cleanly.
DEBUG: TCP connection finished cleanly.
done.
done.
<end of output>
Test time =   0.30 sec
----------------------------------------------------------
Test Passed.
"t_ucD_128K_8K" end time: Apr 27 16:44 UTC
"t_ucD_128K_8K" time elapsed: 00:00:00
----------------------------------------------------------

72/169 Testing: t_ucD_16_1
72/169 Test: t_ucD_16_1
Command: "/home/cs144/sponge/txrx.sh" "-ucDd" "16" "-w" "1"
Directory: /home/cs144/sponge/build
"t_ucD_16_1" start time: Apr 27 16:44 UTC
Output:
----------------------------------------------------------
DEBUG: Listening for incoming connection... DEBUG: Connecting to 169.254.144.1:19077... done.
new connection from 169.254.144.1:44486.
DEBUG: Outbound stream to 169.254.144.1:19077 finished (1 byte still in flight).
DEBUG: Outbound stream to 169.254.144.1:44486 finished (1 byte still in flight).
DEBUG: Inbound stream from 169.254.144.1:44486 finished cleanly.
DEBUG: Outbound stream to 169.254.144.1:19077 has been fully acknowledged.
DEBUG: Waiting for clean shutdown... DEBUG: Inbound stream from 169.254.144.1:19077 finished cleanly.
DEBUG: Waiting for lingering segments (e.g. retransmissions of FIN) from peer...
DEBUG: Outbound stream to 169.254.144.1:44486 has been fully acknowledged.
DEBUG: Waiting for clean shutdown... DEBUG: TCP connection finished cleanly.
done.
DEBUG: TCP connection finished cleanly.
done.
<end of output>
Test time =   0.30 sec
----------------------------------------------------------
Test Passed.
"t_ucD_16_1" end time: Apr 27 16:44 UTC
"t_ucD_16_1" time elapsed: 00:00:00
----------------------------------------------------------

73/169 Testing: t_ucD_32K_d
73/169 Test: t_ucD_32K_d
Command: "/home/cs144/sponge/txrx.sh" "-ucDd" "32K"
Directory: /home/cs144/sponge/build
"t_ucD_32K_d" start time: Apr 27 16:44 UTC
Output:
----------------------------------------------------------
DEBUG: Listening for incoming connection... DEBUG: Connecting to 169.254.144.1:27507... done.
new connection from 169.254.144.1:46228.
DEBUG: Outbound stream to 169.254.144.1:27507 finished (32769 bytes still in flight).
DEBUG: Outbound stream to 169.254.144.1:46228 finished (32769 bytes still in flight).
DEBUG: Inbound stream from 169.254.144.1:27507 finished cleanly.
DEBUG: Waiting for clean shutdown... DEBUG: Inbound stream from 169.254.144.1:46228 finished cleanly.
DEBUG: Outbound stream to 169.254.144.1:27507 has been fully acknowledged.
DEBUG: Waiting for clean shutdown... DEBUG: Outbound stream to 169.254.144.1:46228 has been fully acknowledged.
DEBUG: TCP connection finished cleanly.
DEBUG: TCP connection finished cleanly.
done.
done.
<end of output>
Test time =   0.29 sec
----------------------------------------------------------
Test Passed.
"t_ucD_32K_d" end time: Apr 27 16:44 UTC
"t_ucD_32K_d" time elapsed: 00:00:00
----------------------------------------------------------

74/169 Testing: t_usS_1M_32k
74/169 Test: t_usS_1M_32k
Command: "/home/cs144/sponge/txrx.sh" "-usSd" "1M" "-w" "32K"
Directory: /home/cs144/sponge/build
"t_usS_1M_32k" start time: Apr 27 16:44 UTC
Output:
----------------------------------------------------------
DEBUG: Listening for incoming connection... DEBUG: Connecting to 169.254.144.1:28567... done.
new connection from 169.254.144.1:49597.
DEBUG: Outbound stream to 169.254.144.1:28567 finished (1 byte still in flight).
DEBUG: Inbound stream from 169.254.144.1:49597 finished cleanly.
DEBUG: Outbound stream to 169.254.144.1:28567 has been fully acknowledged.
DEBUG: Waiting for clean shutdown... DEBUG: Outbound stream to 169.254.144.1:49597 finished (31768 bytes still in flight).
DEBUG: Inbound stream from 169.254.144.1:28567 finished cleanly.
DEBUG: Waiting for lingering segments (e.g. retransmissions of FIN) from peer...
DEBUG: Waiting for clean shutdown... DEBUG: Outbound stream to 169.254.144.1:49597 has been fully acknowledged.
DEBUG: TCP connection finished cleanly.
done.
DEBUG: TCP connection finished cleanly.
done.
<end of output>
Test time =   0.32 sec
----------------------------------------------------------
Test Passed.
"t_usS_1M_32k" end time: Apr 27 16:44 UTC
"t_usS_1M_32k" time elapsed: 00:00:00
----------------------------------------------------------

75/169 Testing: t_usS_128K_8K
75/169 Test: t_usS_128K_8K
Command: "/home/cs144/sponge/txrx.sh" "-usSd" "128K" "-w" "8K"
Directory: /home/cs144/sponge/build
"t_usS_128K_8K" start time: Apr 27 16:44 UTC
Output:
----------------------------------------------------------
DEBUG: Listening for incoming connection... DEBUG: Connecting to 169.254.144.1:14188... done.
new connection from 169.254.144.1:41998.
DEBUG: Outbound stream to 169.254.144.1:14188 finished (1 byte still in flight).
DEBUG: Inbound stream from 169.254.144.1:41998 finished cleanly.
DEBUG: Outbound stream to 169.254.144.1:14188 has been fully acknowledged.
DEBUG: Waiting for clean shutdown... DEBUG: Outbound stream to 169.254.144.1:41998 finished (7192 bytes still in flight).
DEBUG: Inbound stream from 169.254.144.1:14188 finished cleanly.
DEBUG: Waiting for lingering segments (e.g. retransmissions of FIN) from peer...
DEBUG: Outbound stream to 169.254.144.1:41998 has been fully acknowledged.
DEBUG: TCP connection finished cleanly.
done.
DEBUG: Waiting for clean shutdown... DEBUG: TCP connection finished cleanly.
done.
<end of output>
Test time =   0.29 sec
----------------------------------------------------------
Test Passed.
"t_usS_128K_8K" end time: Apr 27 16:44 UTC
"t_usS_128K_8K" time elapsed: 00:00:00
----------------------------------------------------------

76/169 Testing: t_usS_16_1
76/169 Test: t_usS_16_1
Command: "/home/cs144/sponge/txrx.sh" "-usSd" "16" "-w" "1"
Directory: /home/cs144/sponge/build
"t_usS_16_1" start time: Apr 27 16:44 UTC
Output:
----------------------------------------------------------
DEBUG: Listening for incoming connection... DEBUG: Connecting to 169.254.144.1:33014... done.
new connection from 169.254.144.1:46011.
DEBUG: Outbound stream to 169.254.144.1:33014 finished (1 byte still in flight).
DEBUG: Inbound stream from 169.254.144.1:46011 finished cleanly.
DEBUG: Outbound stream to 169.254.144.1:33014 has been fully acknowledged.
DEBUG: Waiting for clean shutdown... DEBUG: Outbound stream to 169.254.144.1:46011 finished (1 byte still in flight).
DEBUG: Inbound stream from 169.254.144.1:33014 finished cleanly.
DEBUG: Waiting for lingering segments (e.g. retransmissions of FIN) from peer...
DEBUG: Waiting for clean shutdown... DEBUG: Outbound stream to 169.254.144.1:46011 has been fully acknowledged.
DEBUG: TCP connection finished cleanly.
done.
DEBUG: TCP connection finished cleanly.
done.
<end of output>
Test time =   0.30 sec
----------------------------------------------------------
Test Passed.
"t_usS_16_1" end time: Apr 27 16:44 UTC
"t_usS_16_1" time elapsed: 00:00:00
----------------------------------------------------------

77/169 Testing: t_usS_32K_d
77/169 Test: t_usS_32K_d
Command: "/home/cs144/sponge/txrx.sh" "-usSd" "32K"
Directory: /home/cs144/sponge/build
"t_usS_32K_d" start time: Apr 27 16:44 UTC
Output:
----------------------------------------------------------
DEBUG: Listening for incoming connection... DEBUG: Connecting to 169.254.144.1:24295... done.
new connection from 169.254.144.1:40615.
DEBUG: Outbound stream to 169.254.144.1:24295 finished (1 byte still in flight).
DEBUG: Inbound stream from 169.254.144.1:40615 finished cleanly.
DEBUG: Outbound stream to 169.254.144.1:24295 has been fully acknowledged.
DEBUG: Waiting for clean shutdown... DEBUG: Outbound stream to 169.254.144.1:40615 finished (31769 bytes still in flight).
DEBUG: Outbound stream to DEBUG: Inbound stream from 169.254.144.1:40615 has been fully acknowledged.
DEBUG: TCP connection finished cleanly.
DEBUG: Waiting for clean shutdown... done.
169.254.144.1:24295 finished cleanly.
DEBUG: Waiting for lingering segments (e.g. retransmissions of FIN) from peer...
DEBUG: TCP connection finished cleanly.
done.
<end of output>
Test time =   0.28 sec
----------------------------------------------------------
Test Passed.
"t_usS_32K_d" end time: Apr 27 16:44 UTC
"t_usS_32K_d" time elapsed: 00:00:00
----------------------------------------------------------

78/169 Testing: t_usR_1M_32k
78/169 Test: t_usR_1M_32k
Command: "/home/cs144/sponge/txrx.sh" "-usRd" "1M" "-w" "32K"
Directory: /home/cs144/sponge/build
"t_usR_1M_32k" start time: Apr 27 16:44 UTC
Output:
----------------------------------------------------------
DEBUG: Listening for incoming connection... DEBUG: Connecting to 169.254.144.1:18742... done.
new connection from 169.254.144.1:55097.
DEBUG: Outbound stream to 169.254.144.1:55097 finished (1 byte still in flight).
DEBUG: Inbound stream from 169.254.144.1:18742 finished cleanly.
DEBUG: Outbound stream to 169.254.144.1:55097 has been fully acknowledged.
DEBUG: Waiting for clean shutdown... DEBUG: Outbound stream to 169.254.144.1:18742 finished (31768 bytes still in flight).
DEBUG: Inbound stream from 169.254.144.1:55097 finished cleanly.
DEBUG: Waiting for lingering segments (e.g. retransmissions of FIN) from peer...
DEBUG: Outbound stream to 169.254.144.1:18742 has been fully acknowledged.
DEBUG: TCP connection finished cleanly.
done.
DEBUG: Waiting for clean shutdown... DEBUG: TCP connection finished cleanly.
done.
<end of output>
Test time =   0.32 sec
----------------------------------------------------------
Test Passed.
"t_usR_1M_32k" end time: Apr 27 16:44 UTC
"t_usR_1M_32k" time elapsed: 00:00:00
----------------------------------------------------------

79/169 Testing: t_usR_128K_8K
79/169 Test: t_usR_128K_8K
Command: "/home/cs144/sponge/txrx.sh" "-usRd" "128K" "-w" "8K"
Directory: /home/cs144/sponge/build
"t_usR_128K_8K" start time: Apr 27 16:44 UTC
Output:
----------------------------------------------------------
DEBUG: Listening for incoming connection... DEBUG: Connecting to 169.254.144.1:11742... done.
new connection from 169.254.144.1:58066.
DEBUG: Outbound stream to 169.254.144.1:58066 finished (1 byte still in flight).
DEBUG: Inbound stream from 169.254.144.1:11742 finished cleanly.
DEBUG: Waiting for clean shutdown... DEBUG: Outbound stream to 169.254.144.1:58066 has been fully acknowledged.
DEBUG: Outbound stream to 169.254.144.1:11742 finished (7000 bytes still in flight).
DEBUG: Inbound stream from 169.254.144.1:58066 finished cleanly.
DEBUG: Waiting for lingering segments (e.g. retransmissions of FIN) from peer...
DEBUG: Outbound stream to 169.254.144.1:11742 has been fully acknowledged.
DEBUG: TCP connection finished cleanly.
DEBUG: Waiting for clean shutdown... done.
DEBUG: TCP connection finished cleanly.
done.
<end of output>
Test time =   0.29 sec
----------------------------------------------------------
Test Passed.
"t_usR_128K_8K" end time: Apr 27 16:44 UTC
"t_usR_128K_8K" time elapsed: 00:00:00
----------------------------------------------------------

80/169 Testing: t_usR_16_1
80/169 Test: t_usR_16_1
Command: "/home/cs144/sponge/txrx.sh" "-usRd" "16" "-w" "1"
Directory: /home/cs144/sponge/build
"t_usR_16_1" start time: Apr 27 16:44 UTC
Output:
----------------------------------------------------------
DEBUG: Listening for incoming connection... DEBUG: Connecting to 169.254.144.1:16036... done.
new connection from 169.254.144.1:56514.
DEBUG: Outbound stream to DEBUG: Outbound stream to 169.254.144.1:16036 finished (169.254.144.1:56514 finished (1 byte still in flight).
1 byte still in flight).
DEBUG: Inbound stream from 169.254.144.1:16036 finished cleanly.
DEBUG: Waiting for clean shutdown... DEBUG: Outbound stream to 169.254.144.1:56514 has been fully acknowledged.
DEBUG: Inbound stream from 169.254.144.1:56514 finished cleanly.
DEBUG: Waiting for lingering segments (e.g. retransmissions of FIN) from peer...
DEBUG: Waiting for clean shutdown... DEBUG: Outbound stream to 169.254.144.1:16036 has been fully acknowledged.
DEBUG: TCP connection finished cleanly.
done.
DEBUG: TCP connection finished cleanly.
done.
<end of output>
Test time =   0.29 sec
----------------------------------------------------------
Test Passed.
"t_usR_16_1" end time: Apr 27 16:44 UTC
"t_usR_16_1" time elapsed: 00:00:00
----------------------------------------------------------

81/169 Testing: t_usR_32K_d
81/169 Test: t_usR_32K_d
Command: "/home/cs144/sponge/txrx.sh" "-usRd" "32K"
Directory: /home/cs144/sponge/build
"t_usR_32K_d" start time: Apr 27 16:44 UTC
Output:
----------------------------------------------------------
DEBUG: Listening for incoming connection... DEBUG: Connecting to 169.254.144.1:11936... done.
new connection from 169.254.144.1:49471.
DEBUG: Outbound stream to DEBUG: Outbound stream to 169.254.144.1:11936 finished (32769 bytes still in flight).
169.254.144.1:49471 finished (1 byte still in flight).
DEBUG: Inbound stream from 169.254.144.1:11936 finished cleanly.
DEBUG: Waiting for clean shutdown... DEBUG: Inbound stream from 169.254.144.1:49471 finished cleanly.
DEBUG: Outbound stream to 169.254.144.1:11936 has been fully acknowledged.
DEBUG: Outbound stream to 169.254.144.1:49471 has been fully acknowledged.
DEBUG: Waiting for clean shutdown... DEBUG: TCP connection finished cleanly.
done.
DEBUG: TCP connection finished cleanly.
done.
<end of output>
Test time =   0.29 sec
----------------------------------------------------------
Test Passed.
"t_usR_32K_d" end time: Apr 27 16:44 UTC
"t_usR_32K_d" time elapsed: 00:00:00
----------------------------------------------------------

82/169 Testing: t_usD_1M_32k
82/169 Test: t_usD_1M_32k
Command: "/home/cs144/sponge/txrx.sh" "-usDd" "1M" "-w" "32K"
Directory: /home/cs144/sponge/build
"t_usD_1M_32k" start time: Apr 27 16:44 UTC
Output:
----------------------------------------------------------
DEBUG: Listening for incoming connection... DEBUG: Connecting to 169.254.144.1:25060... done.
new connection from 169.254.144.1:34570.
DEBUG: Outbound stream to 169.254.144.1:34570 finished (31768 bytes still in flight).
DEBUG: Outbound stream to 169.254.144.1:25060 finished (31768 bytes still in flight).
DEBUG: Inbound stream from 169.254.144.1:34570 finished cleanly.
DEBUG: Inbound stream from 169.254.144.1:25060 finished cleanly.
DEBUG: Outbound stream to 169.254.144.1:34570 has been fully acknowledged.
DEBUG: Outbound stream to 169.254.144.1:25060 has been fully acknowledged.
DEBUG: Waiting for clean shutdown... DEBUG: Waiting for clean shutdown... DEBUG: TCP connection finished DEBUG: TCP connection finished cleanly.
cleanly.
done.
done.
<end of output>
Test time =   0.36 sec
----------------------------------------------------------
Test Passed.
"t_usD_1M_32k" end time: Apr 27 16:44 UTC
"t_usD_1M_32k" time elapsed: 00:00:00
----------------------------------------------------------

83/169 Testing: t_usD_128K_8K
83/169 Test: t_usD_128K_8K
Command: "/home/cs144/sponge/txrx.sh" "-usDd" "128K" "-w" "8K"
Directory: /home/cs144/sponge/build
"t_usD_128K_8K" start time: Apr 27 16:44 UTC
Output:
----------------------------------------------------------
DEBUG: Listening for incoming connection... DEBUG: Connecting to 169.254.144.1:25001... done.
new connection from 169.254.144.1:54293.
DEBUG: Outbound stream to DEBUG: Outbound stream to 169.254.144.1:54293169.254.144.1:25001 finished ( finished (71927192 byte bytess still in flight).
 still in flight).
DEBUG: Inbound stream from 169.254.144.1:54293 finished DEBUG: Inbound stream from 169.254.144.1:25001 finished cleanly.
cleanly.
DEBUG: Outbound stream to DEBUG: Outbound stream to 169.254.144.1:25001169.254.144.1:54293 has been fully acknowledged.
 has been fully acknowledged.
DEBUG: Waiting for clean shutdown... DEBUG: Waiting for clean shutdown... DEBUG: TCP connection finished DEBUG: TCP connection finished cleanly.
cleanly.
done.
done.
<end of output>
Test time =   0.30 sec
----------------------------------------------------------
Test Passed.
"t_usD_128K_8K" end time: Apr 27 16:44 UTC
"t_usD_128K_8K" time elapsed: 00:00:00
----------------------------------------------------------

84/169 Testing: t_usD_16_1
84/169 Test: t_usD_16_1
Command: "/home/cs144/sponge/txrx.sh" "-usDd" "16" "-w" "1"
Directory: /home/cs144/sponge/build
"t_usD_16_1" start time: Apr 27 16:44 UTC
Output:
----------------------------------------------------------
DEBUG: Listening for incoming connection... DEBUG: Connecting to 169.254.144.1:7579... done.
new connection from 169.254.144.1:58971.
DEBUG: Outbound stream to 169.254.144.1:7579 finished (1 byte still in flight).
DEBUG: Outbound stream to 169.254.144.1:58971 finished (1 byte still in flight).
DEBUG: Inbound stream from 169.254.144.1:58971 finished cleanly.
DEBUG: Outbound stream to DEBUG: Waiting for clean shutdown... 169.254.144.1:7579 has been fully acknowledged.
DEBUG: Inbound stream from 169.254.144.1:7579 finished cleanly.
DEBUG: Waiting for lingering segments (e.g. retransmissions of FIN) from peer...
DEBUG: Outbound stream to 169.254.144.1:58971 has been fully acknowledged.
DEBUG: TCP connection finished cleanly.
DEBUG: Waiting for clean shutdown... done.
DEBUG: TCP connection finished cleanly.
done.
<end of output>
Test time =   0.30 sec
----------------------------------------------------------
Test Passed.
"t_usD_16_1" end time: Apr 27 16:44 UTC
"t_usD_16_1" time elapsed: 00:00:00
----------------------------------------------------------

85/169 Testing: t_usD_32K_d
85/169 Test: t_usD_32K_d
Command: "/home/cs144/sponge/txrx.sh" "-usDd" "32K"
Directory: /home/cs144/sponge/build
"t_usD_32K_d" start time: Apr 27 16:44 UTC
Output:
----------------------------------------------------------
DEBUG: Listening for incoming connection... DEBUG: Connecting to 169.254.144.1:15459... done.
new connection from 169.254.144.1:36664.
DEBUG: Outbound stream to 169.254.144.1:15459 finished (32769 bytes still in flight).
DEBUG: Outbound stream to 169.254.144.1:36664 finished (32769 bytes still in flight).
DEBUG: Inbound stream from 169.254.144.1:36664 finished cleanly.
DEBUG: Waiting for clean shutdown... DEBUG: Inbound stream from 169.254.144.1:15459 finished cleanly.
DEBUG: Outbound stream to 169.254.144.1:36664 has been fully acknowledged.
DEBUG: Waiting for clean shutdown... DEBUG: Outbound stream to 169.254.144.1:15459 has been fully acknowledged.
DEBUG: TCP connection finished cleanly.
DEBUG: TCP connection finished cleanly.
done.
done.
<end of output>
Test time =   0.29 sec
----------------------------------------------------------
Test Passed.
"t_usD_32K_d" end time: Apr 27 16:44 UTC
"t_usD_32K_d" time elapsed: 00:00:00
----------------------------------------------------------

86/169 Testing: t_ucS_128K_8K_l
86/169 Test: t_ucS_128K_8K_l
Command: "/home/cs144/sponge/txrx.sh" "-ucSd" "128K" "-w" "8K" "-l" "0.1"
Directory: /home/cs144/sponge/build
"t_ucS_128K_8K_l" start time: Apr 27 16:44 UTC
Output:
----------------------------------------------------------
DEBUG: Listening for incoming connection... DEBUG: Connecting to 169.254.144.1:31318... done.
new connection from 169.254.144.1:49765.
DEBUG: Outbound stream to 169.254.144.1:49765 finished (1 byte still in flight).
DEBUG: Inbound stream from 169.254.144.1:31318 finished cleanly.
DEBUG: Outbound stream to 169.254.144.1:49765 has been fully acknowledged.
DEBUG: Waiting for clean shutdown... DEBUG: Outbound stream to 169.254.144.1:31318 finished (6192 bytes still in flight).
DEBUG: Inbound stream from 169.254.144.1:49765 finished cleanly.
DEBUG: Waiting for lingering segments (e.g. retransmissions of FIN) from peer...
DEBUG: Waiting for clean shutdown... DEBUG: Outbound stream to 169.254.144.1:31318 has been fully acknowledged.
DEBUG: TCP connection finished cleanly.
done.
DEBUG: TCP connection finished cleanly.
done.
<end of output>
Test time =   0.30 sec
----------------------------------------------------------
Test Passed.
"t_ucS_128K_8K_l" end time: Apr 27 16:44 UTC
"t_ucS_128K_8K_l" time elapsed: 00:00:00
----------------------------------------------------------

87/169 Testing: t_ucS_128K_8K_L
87/169 Test: t_ucS_128K_8K_L
Command: "/home/cs144/sponge/txrx.sh" "-ucSd" "128K" "-w" "8K" "-L" "0.1"
Directory: /home/cs144/sponge/build
"t_ucS_128K_8K_L" start time: Apr 27 16:44 UTC
Output:
----------------------------------------------------------
DEBUG: Listening for incoming connection... DEBUG: Connecting to 169.254.144.1:22404... done.
new connection from 169.254.144.1:57326.
DEBUG: Outbound stream to 169.254.144.1:57326 finished (1 byte still in flight).
DEBUG: Inbound stream from 169.254.144.1:22404 finished cleanly.
DEBUG: Outbound stream to DEBUG: Waiting for clean shutdown... 169.254.144.1:57326 has been fully acknowledged.
DEBUG: Outbound stream to 169.254.144.1:22404 finished (5000 bytes still in flight).
DEBUG: Inbound stream from 169.254.144.1:57326 finished cleanly.
DEBUG: Waiting for lingering segments (e.g. retransmissions of FIN) from peer...
DEBUG: Outbound stream to 169.254.144.1:22404 has been fully acknowledged.
DEBUG: TCP connection finished cleanly.
DEBUG: Waiting for clean shutdown... done.
DEBUG: TCP connection finished cleanly.
done.
<end of output>
Test time =   0.52 sec
----------------------------------------------------------
Test Passed.
"t_ucS_128K_8K_L" end time: Apr 27 16:44 UTC
"t_ucS_128K_8K_L" time elapsed: 00:00:00
----------------------------------------------------------

88/169 Testing: t_ucS_128K_8K_lL
88/169 Test: t_ucS_128K_8K_lL
Command: "/home/cs144/sponge/txrx.sh" "-ucSd" "128K" "-w" "8K" "-l" "0.1" "-L" "0.1"
Directory: /home/cs144/sponge/build
"t_ucS_128K_8K_lL" start time: Apr 27 16:44 UTC
Output:
----------------------------------------------------------
DEBUG: Listening for incoming connection... DEBUG: Connecting to 169.254.144.1:11898... done.
new connection from 169.254.144.1:41821.
DEBUG: Outbound stream to 169.254.144.1:41821 finished (1 byte still in flight).
DEBUG: Inbound stream from 169.254.144.1:11898 finished cleanly.
DEBUG: Outbound stream to 169.254.144.1:41821 has been fully acknowledged.
DEBUG: Waiting for clean shutdown... DEBUG: Outbound stream to 169.254.144.1:11898 finished (8000 bytes still in flight).
DEBUG: Inbound stream from 169.254.144.1:41821 finished cleanly.
[...]
new connection from 169.254.144.1:12124.
DEBUG: Outbound stream to 169.254.144.9:23912 finished (7000 bytes still in flight).
DEBUG: Inbound stream from 169.254.144.1:12124 finished cleanly.
DEBUG: Waiting for clean shutdown... DEBUG: Outbound stream to 169.254.144.9:23912 has been fully acknowledged.
DEBUG: Outbound stream to 169.254.144.1:12124 finished (7192 bytes still in flight).
DEBUG: Inbound stream from 169.254.144.9:23912 finished cleanly.
DEBUG: Waiting for lingering segments (e.g. retransmissions of FIN) from peer...
DEBUG: Outbound stream to 169.254.144.1:12124 has been fully acknowledged.
DEBUG: TCP connection finished cleanly.
done.
DEBUG: Waiting for clean shutdown... DEBUG: TCP connection finished cleanly.
done.
<end of output>
Test time =   0.54 sec
----------------------------------------------------------
Test Passed.
"t_isD_128K_8K_L" end time: Apr 27 16:45 UTC
"t_isD_128K_8K_L" time elapsed: 00:00:00
----------------------------------------------------------

151/169 Testing: t_isD_128K_8K_lL
151/169 Test: t_isD_128K_8K_lL
Command: "/home/cs144/sponge/txrx.sh" "-isDd" "128K" "-w" "8K" "-l" "0.1" "-L" "0.1"
Directory: /home/cs144/sponge/build
"t_isD_128K_8K_lL" start time: Apr 27 16:45 UTC
Output:
----------------------------------------------------------
DEBUG: Listening for incoming connection... DEBUG: Connecting to 169.254.144.9:32136... done.
new connection from 169.254.144.1:31956.
DEBUG: Outbound stream to 169.254.144.1:31956 finished (8192 bytes still in flight).
DEBUG: Outbound stream to 169.254.144.9:32136 finished (8000 bytes still in flight).
DEBUG: Inbound stream from 169.254.144.9:32136 finished cleanly.
DEBUG: Waiting for clean shutdown... DEBUG: Outbound stream to 169.254.144.1:31956 has been fully acknowledged.
DEBUG: Inbound stream from 169.254.144.1:31956 finished cleanly.
DEBUG: Waiting for clean shutdown... DEBUG: Waiting for lingering segments (e.g. retransmissions of FIN) from peer...
DEBUG: Outbound stream to 169.254.144.9:32136 has been fully acknowledged.
DEBUG: TCP connection finished cleanly.
done.
DEBUG: TCP connection finished cleanly.
done.
<end of output>
Test time =   1.01 sec
----------------------------------------------------------
Test Passed.
"t_isD_128K_8K_lL" end time: Apr 27 16:45 UTC
"t_isD_128K_8K_lL" time elapsed: 00:00:01
----------------------------------------------------------

152/169 Testing: t_icnS_128K_8K_l
152/169 Test: t_icnS_128K_8K_l
Command: "/home/cs144/sponge/txrx.sh" "-icSnd" "128K" "-w" "8K" "-l" "0.1"
Directory: /home/cs144/sponge/build
"t_icnS_128K_8K_l" start time: Apr 27 16:45 UTC
Output:
----------------------------------------------------------
DEBUG: Connecting to 169.254.144.1:16795... done.
DEBUG: Inbound stream from 169.254.144.1:16795 finished cleanly.
DEBUG: Waiting for clean shutdown... DEBUG: Outbound stream to 169.254.144.1:16795 finished (56000 bytes still in flight).
DEBUG: Outbound stream to 169.254.144.1:16795 has been fully acknowledged.
DEBUG: TCP connection finished cleanly.
done.
<end of output>
Test time =   0.17 sec
----------------------------------------------------------
Test Passed.
"t_icnS_128K_8K_l" end time: Apr 27 16:45 UTC
"t_icnS_128K_8K_l" time elapsed: 00:00:00
----------------------------------------------------------

153/169 Testing: t_icnS_128K_8K_L
153/169 Test: t_icnS_128K_8K_L
Command: "/home/cs144/sponge/txrx.sh" "-icSnd" "128K" "-w" "8K" "-L" "0.1"
Directory: /home/cs144/sponge/build
"t_icnS_128K_8K_L" start time: Apr 27 16:45 UTC
Output:
----------------------------------------------------------
DEBUG: Connecting to 169.254.144.1:3079... done.
DEBUG: Inbound stream from 169.254.144.1:3079 finished cleanly.
DEBUG: Waiting for clean shutdown... DEBUG: Outbound stream to 169.254.144.1:3079 finished (42000 bytes still in flight).
DEBUG: Outbound stream to 169.254.144.1:3079 has been fully acknowledged.
DEBUG: TCP connection finished cleanly.
done.
<end of output>
Test time =   0.37 sec
----------------------------------------------------------
Test Passed.
"t_icnS_128K_8K_L" end time: Apr 27 16:45 UTC
"t_icnS_128K_8K_L" time elapsed: 00:00:00
----------------------------------------------------------

154/169 Testing: t_icnS_128K_8K_lL
154/169 Test: t_icnS_128K_8K_lL
Command: "/home/cs144/sponge/txrx.sh" "-icSnd" "128K" "-w" "8K" "-l" "0.1" "-L" "0.1"
Directory: /home/cs144/sponge/build
"t_icnS_128K_8K_lL" start time: Apr 27 16:45 UTC
Output:
----------------------------------------------------------
DEBUG: Connecting to 169.254.144.1:14795... done.
DEBUG: Inbound stream from 169.254.144.1:14795 finished cleanly.
DEBUG: Waiting for clean shutdown... DEBUG: Outbound stream to 169.254.144.1:14795 finished (36000 bytes still in flight).
DEBUG: Outbound stream to 169.254.144.1:14795 has been fully acknowledged.
DEBUG: TCP connection finished cleanly.
done.
<end of output>
Test time =   0.42 sec
----------------------------------------------------------
Test Passed.
"t_icnS_128K_8K_lL" end time: Apr 27 16:45 UTC
"t_icnS_128K_8K_lL" time elapsed: 00:00:00
----------------------------------------------------------

155/169 Testing: t_icnR_128K_8K_l
155/169 Test: t_icnR_128K_8K_l
Command: "/home/cs144/sponge/txrx.sh" "-icRnd" "128K" "-w" "8K" "-l" "0.1"
Directory: /home/cs144/sponge/build
"t_icnR_128K_8K_l" start time: Apr 27 16:45 UTC
Output:
----------------------------------------------------------
DEBUG: Connecting to 169.254.144.1:2501... done.
DEBUG: Outbound stream to 169.254.144.1:2501 finished (1 byte still in flight).
DEBUG: Outbound stream to 169.254.144.1:2501 has been fully acknowledged.
DEBUG: Inbound stream from 169.254.144.1:2501 finished cleanly.
DEBUG: Waiting for lingering segments (e.g. retransmissions of FIN) from peer...
DEBUG: Waiting for clean shutdown... DEBUG: TCP connection finished cleanly.
done.
<end of output>
Test time =   0.45 sec
----------------------------------------------------------
Test Passed.
"t_icnR_128K_8K_l" end time: Apr 27 16:45 UTC
"t_icnR_128K_8K_l" time elapsed: 00:00:00
----------------------------------------------------------

156/169 Testing: t_icnR_128K_8K_L
156/169 Test: t_icnR_128K_8K_L
Command: "/home/cs144/sponge/txrx.sh" "-icRnd" "128K" "-w" "8K" "-L" "0.1"
Directory: /home/cs144/sponge/build
"t_icnR_128K_8K_L" start time: Apr 27 16:45 UTC
Output:
----------------------------------------------------------
DEBUG: Connecting to 169.254.144.1:7816... done.
DEBUG: Outbound stream to 169.254.144.1:7816 finished (1 byte still in flight).
DEBUG: Outbound stream to 169.254.144.1:7816 has been fully acknowledged.
DEBUG: Inbound stream from 169.254.144.1:7816 finished cleanly.
DEBUG: Waiting for lingering segments (e.g. retransmissions of FIN) from peer...
DEBUG: Waiting for clean shutdown... DEBUG: TCP connection finished cleanly.
done.
<end of output>
Test time =   0.32 sec
----------------------------------------------------------
Test Passed.
"t_icnR_128K_8K_L" end time: Apr 27 16:45 UTC
"t_icnR_128K_8K_L" time elapsed: 00:00:00
----------------------------------------------------------

157/169 Testing: t_icnR_128K_8K_lL
157/169 Test: t_icnR_128K_8K_lL
Command: "/home/cs144/sponge/txrx.sh" "-icRnd" "128K" "-w" "8K" "-l" "0.1" "-L" "0.1"
Directory: /home/cs144/sponge/build
"t_icnR_128K_8K_lL" start time: Apr 27 16:45 UTC
Output:
----------------------------------------------------------
DEBUG: Connecting to 169.254.144.1:5355... done.
DEBUG: Outbound stream to 169.254.144.1:5355 finished (1 byte still in flight).
DEBUG: Outbound stream to 169.254.144.1:5355 has been fully acknowledged.
DEBUG: Inbound stream from 169.254.144.1:5355 finished cleanly.
DEBUG: Waiting for lingering segments (e.g. retransmissions of FIN) from peer...
DEBUG: Waiting for clean shutdown... DEBUG: TCP connection finished cleanly.
done.
<end of output>
Test time =   0.73 sec
----------------------------------------------------------
Test Passed.
"t_icnR_128K_8K_lL" end time: Apr 27 16:45 UTC
"t_icnR_128K_8K_lL" time elapsed: 00:00:00
----------------------------------------------------------

158/169 Testing: t_icnD_128K_8K_l
158/169 Test: t_icnD_128K_8K_l
Command: "/home/cs144/sponge/txrx.sh" "-icDnd" "128K" "-w" "8K" "-l" "0.1"
Directory: /home/cs144/sponge/build
"t_icnD_128K_8K_l" start time: Apr 27 16:45 UTC
Output:
----------------------------------------------------------
DEBUG: Connecting to 169.254.144.1:10266... done.
DEBUG: Outbound stream to 169.254.144.1:10266 finished (56000 bytes still in flight).
DEBUG: Outbound stream to 169.254.144.1:10266 has been fully acknowledged.
DEBUG: Inbound stream from 169.254.144.1:10266 finished cleanly.
DEBUG: Waiting for lingering segments (e.g. retransmissions of FIN) from peer...
DEBUG: Waiting for clean shutdown... DEBUG: TCP connection finished cleanly.
done.
<end of output>
Test time =   0.42 sec
----------------------------------------------------------
Test Passed.
"t_icnD_128K_8K_l" end time: Apr 27 16:45 UTC
"t_icnD_128K_8K_l" time elapsed: 00:00:00
----------------------------------------------------------

159/169 Testing: t_icnD_128K_8K_L
159/169 Test: t_icnD_128K_8K_L
Command: "/home/cs144/sponge/txrx.sh" "-icDnd" "128K" "-w" "8K" "-L" "0.1"
Directory: /home/cs144/sponge/build
"t_icnD_128K_8K_L" start time: Apr 27 16:45 UTC
Output:
----------------------------------------------------------
DEBUG: Connecting to 169.254.144.1:18414... done.
DEBUG: Inbound stream from 169.254.144.1:18414 finished cleanly.
DEBUG: Waiting for clean shutdown... DEBUG: Outbound stream to 169.254.144.1:18414 finished (35000 bytes still in flight).
DEBUG: Outbound stream to 169.254.144.1:18414 has been fully acknowledged.
DEBUG: TCP connection finished cleanly.
done.
<end of output>
Test time =   0.43 sec
----------------------------------------------------------
Test Passed.
"t_icnD_128K_8K_L" end time: Apr 27 16:45 UTC
"t_icnD_128K_8K_L" time elapsed: 00:00:00
----------------------------------------------------------

160/169 Testing: t_icnD_128K_8K_lL
160/169 Test: t_icnD_128K_8K_lL
Command: "/home/cs144/sponge/txrx.sh" "-icDnd" "128K" "-w" "8K" "-l" "0.1" "-L" "0.1"
Directory: /home/cs144/sponge/build
"t_icnD_128K_8K_lL" start time: Apr 27 16:45 UTC
Output:
----------------------------------------------------------
DEBUG: Connecting to 169.254.144.1:22505... done.
DEBUG: Outbound stream to 169.254.144.1:22505 finished (38000 bytes still in flight).
DEBUG: Outbound stream to 169.254.144.1:22505 has been fully acknowledged.
DEBUG: Inbound stream from 169.254.144.1:22505 finished cleanly.
DEBUG: Waiting for lingering segments (e.g. retransmissions of FIN) from peer...
DEBUG: Waiting for clean shutdown... DEBUG: TCP connection finished cleanly.
done.
<end of output>
Test time =   0.94 sec
----------------------------------------------------------
Test Passed.
"t_icnD_128K_8K_lL" end time: Apr 27 16:45 UTC
"t_icnD_128K_8K_lL" time elapsed: 00:00:00
----------------------------------------------------------

161/169 Testing: t_isnS_128K_8K_l
161/169 Test: t_isnS_128K_8K_l
Command: "/home/cs144/sponge/txrx.sh" "-isSnd" "128K" "-w" "8K" "-l" "0.1"
Directory: /home/cs144/sponge/build
"t_isnS_128K_8K_l" start time: Apr 27 16:45 UTC
Output:
----------------------------------------------------------
DEBUG: Listening for incoming connection... new connection from 169.254.144.1:59416.
DEBUG: Inbound stream from 169.254.144.1:59416 finished cleanly.
DEBUG: Waiting for clean shutdown... DEBUG: Outbound stream to 169.254.144.1:59416 finished (56000 bytes still in flight).
DEBUG: Outbound stream to 169.254.144.1:59416 has been fully acknowledged.
DEBUG: TCP connection finished cleanly.
done.
<end of output>
Test time =   0.15 sec
----------------------------------------------------------
Test Passed.
"t_isnS_128K_8K_l" end time: Apr 27 16:45 UTC
"t_isnS_128K_8K_l" time elapsed: 00:00:00
----------------------------------------------------------

162/169 Testing: t_isnS_128K_8K_L
162/169 Test: t_isnS_128K_8K_L
Command: "/home/cs144/sponge/txrx.sh" "-isSnd" "128K" "-w" "8K" "-L" "0.1"
Directory: /home/cs144/sponge/build
"t_isnS_128K_8K_L" start time: Apr 27 16:45 UTC
Output:
----------------------------------------------------------
DEBUG: Listening for incoming connection... new connection from 169.254.144.1:52716.
DEBUG: Waiting for clean shutdown... DEBUG: Inbound stream from 169.254.144.1:52716 finished cleanly.
DEBUG: Outbound stream to 169.254.144.1:52716 finished (34000 bytes still in flight).
DEBUG: Outbound stream to 169.254.144.1:52716 has been fully acknowledged.
DEBUG: TCP connection finished cleanly.
done.
<end of output>
Test time =   0.29 sec
----------------------------------------------------------
Test Passed.
"t_isnS_128K_8K_L" end time: Apr 27 16:45 UTC
"t_isnS_128K_8K_L" time elapsed: 00:00:00
----------------------------------------------------------

163/169 Testing: t_isnS_128K_8K_lL
163/169 Test: t_isnS_128K_8K_lL
Command: "/home/cs144/sponge/txrx.sh" "-isSnd" "128K" "-w" "8K" "-l" "0.1" "-L" "0.1"
Directory: /home/cs144/sponge/build
"t_isnS_128K_8K_lL" start time: Apr 27 16:45 UTC
Output:
----------------------------------------------------------
DEBUG: Listening for incoming connection... new connection from 169.254.144.1:51972.
DEBUG: Inbound stream from 169.254.144.1:51972 finished cleanly.
DEBUG: Waiting for clean shutdown... DEBUG: Outbound stream to 169.254.144.1:51972 finished (41000 bytes still in flight).
DEBUG: Outbound stream to 169.254.144.1:51972 has been fully acknowledged.
DEBUG: TCP connection finished cleanly.
done.
<end of output>
Test time =   0.45 sec
----------------------------------------------------------
Test Passed.
"t_isnS_128K_8K_lL" end time: Apr 27 16:45 UTC
"t_isnS_128K_8K_lL" time elapsed: 00:00:00
----------------------------------------------------------

164/169 Testing: t_isnR_128K_8K_l
164/169 Test: t_isnR_128K_8K_l
Command: "/home/cs144/sponge/txrx.sh" "-isRnd" "128K" "-w" "8K" "-l" "0.1"
Directory: /home/cs144/sponge/build
"t_isnR_128K_8K_l" start time: Apr 27 16:45 UTC
Output:
----------------------------------------------------------
DEBUG: Listening for incoming connection... new connection from 169.254.144.1:39844.
DEBUG: Outbound stream to 169.254.144.1:39844 finished (1 byte still in flight).
DEBUG: Outbound stream to 169.254.144.1:39844 has been fully acknowledged.
DEBUG: Inbound stream from 169.254.144.1:39844 finished cleanly.
DEBUG: Waiting for lingering segments (e.g. retransmissions of FIN) from peer...
DEBUG: Waiting for clean shutdown... DEBUG: TCP connection finished cleanly.
done.
<end of output>
Test time =   0.53 sec
----------------------------------------------------------
Test Passed.
"t_isnR_128K_8K_l" end time: Apr 27 16:45 UTC
"t_isnR_128K_8K_l" time elapsed: 00:00:00
----------------------------------------------------------

165/169 Testing: t_isnR_128K_8K_L
165/169 Test: t_isnR_128K_8K_L
Command: "/home/cs144/sponge/txrx.sh" "-isRnd" "128K" "-w" "8K" "-L" "0.1"
Directory: /home/cs144/sponge/build
"t_isnR_128K_8K_L" start time: Apr 27 16:45 UTC
Output:
----------------------------------------------------------
DEBUG: Listening for incoming connection... new connection from 169.254.144.1:49324.
DEBUG: Outbound stream to 169.254.144.1:49324 finished (1 byte still in flight).
DEBUG: Outbound stream to 169.254.144.1:49324 has been fully acknowledged.
DEBUG: Inbound stream from 169.254.144.1:49324 finished cleanly.
DEBUG: Waiting for lingering segments (e.g. retransmissions of FIN) from peer...
DEBUG: Waiting for clean shutdown... DEBUG: TCP connection finished cleanly.
done.
<end of output>
Test time =   0.28 sec
----------------------------------------------------------
Test Passed.
"t_isnR_128K_8K_L" end time: Apr 27 16:45 UTC
"t_isnR_128K_8K_L" time elapsed: 00:00:00
----------------------------------------------------------

166/169 Testing: t_isnR_128K_8K_lL
166/169 Test: t_isnR_128K_8K_lL
Command: "/home/cs144/sponge/txrx.sh" "-isRnd" "128K" "-w" "8K" "-l" "0.1" "-L" "0.1"
Directory: /home/cs144/sponge/build
"t_isnR_128K_8K_lL" start time: Apr 27 16:45 UTC
Output:
----------------------------------------------------------
DEBUG: Listening for incoming connection... new connection from 169.254.144.1:51338.
DEBUG: Outbound stream to 169.254.144.1:51338 finished (1 byte still in flight).
DEBUG: Outbound stream to 169.254.144.1:51338 has been fully acknowledged.
DEBUG: Inbound stream from 169.254.144.1:51338 finished cleanly.
DEBUG: Waiting for lingering segments (e.g. retransmissions of FIN) from peer...
DEBUG: Waiting for clean shutdown... DEBUG: TCP connection finished cleanly.
done.
<end of output>
Test time =   1.35 sec
----------------------------------------------------------
Test Passed.
"t_isnR_128K_8K_lL" end time: Apr 27 16:45 UTC
"t_isnR_128K_8K_lL" time elapsed: 00:00:01
----------------------------------------------------------

167/169 Testing: t_isnD_128K_8K_l
167/169 Test: t_isnD_128K_8K_l
Command: "/home/cs144/sponge/txrx.sh" "-isDnd" "128K" "-w" "8K" "-l" "0.1"
Directory: /home/cs144/sponge/build
"t_isnD_128K_8K_l" start time: Apr 27 16:45 UTC
Output:
----------------------------------------------------------
DEBUG: Listening for incoming connection... new connection from 169.254.144.1:42830.
DEBUG: Outbound stream to 169.254.144.1:42830 finished (22000 bytes still in flight).
DEBUG: Outbound stream to 169.254.144.1:42830 has been fully acknowledged.
DEBUG: Inbound stream from 169.254.144.1:42830 finished cleanly.
DEBUG: Waiting for lingering segments (e.g. retransmissions of FIN) from peer...
DEBUG: Waiting for clean shutdown... DEBUG: TCP connection finished cleanly.
done.
<end of output>
Test time =   0.31 sec
----------------------------------------------------------
Test Passed.
"t_isnD_128K_8K_l" end time: Apr 27 16:45 UTC
"t_isnD_128K_8K_l" time elapsed: 00:00:00
----------------------------------------------------------

168/169 Testing: t_isnD_128K_8K_L
168/169 Test: t_isnD_128K_8K_L
Command: "/home/cs144/sponge/txrx.sh" "-isDnd" "128K" "-w" "8K" "-L" "0.1"
Directory: /home/cs144/sponge/build
"t_isnD_128K_8K_L" start time: Apr 27 16:45 UTC
Output:
----------------------------------------------------------
DEBUG: Listening for incoming connection... new connection from 169.254.144.1:46678.
DEBUG: Outbound stream to 169.254.144.1:46678 finished (51000 bytes still in flight).
DEBUG: Inbound stream from 169.254.144.1:46678 finished cleanly.
DEBUG: Waiting for clean shutdown... DEBUG: Outbound stream to 169.254.144.1:46678 has been fully acknowledged.
DEBUG: TCP connection finished cleanly.
done.
<end of output>
Test time =   0.34 sec
----------------------------------------------------------
Test Passed.
"t_isnD_128K_8K_L" end time: Apr 27 16:45 UTC
"t_isnD_128K_8K_L" time elapsed: 00:00:00
----------------------------------------------------------

169/169 Testing: t_isnD_128K_8K_lL
169/169 Test: t_isnD_128K_8K_lL
Command: "/home/cs144/sponge/txrx.sh" "-isDnd" "128K" "-w" "8K" "-l" "0.1" "-L" "0.1"
Directory: /home/cs144/sponge/build
"t_isnD_128K_8K_lL" start time: Apr 27 16:45 UTC
Output:
----------------------------------------------------------
DEBUG: Listening for incoming connection... new connection from 169.254.144.1:44498.
DEBUG: Outbound stream to 169.254.144.1:44498 finished (32000 bytes still in flight).
DEBUG: Outbound stream to 169.254.144.1:44498 has been fully acknowledged.
DEBUG: Inbound stream from 169.254.144.1:44498 finished cleanly.
DEBUG: Waiting for lingering segments (e.g. retransmissions of FIN) from peer...
DEBUG: Waiting for clean shutdown... DEBUG: TCP connection finished cleanly.
done.
<end of output>
Test time =   0.68 sec
----------------------------------------------------------
Test Passed.
"t_isnD_128K_8K_lL" end time: Apr 27 16:45 UTC
"t_isnD_128K_8K_lL" time elapsed: 00:00:00
----------------------------------------------------------

End testing: Apr 27 16:45 UTC
